<?xml version="1.0" encoding="UTF-8"?>
<testsuite name="CalculatorTest" tests="4" skipped="0" failures="0" errors="0" timestamp="2017-06-19T10:27:33" hostname="wylliam" time="1.27">
  <properties/>
  <testcase name="testSomme" classname="CalculatorTest" time="1.268"/>
  <testcase name="testSoustrait" classname="CalculatorTest" time="0.0"/>
  <testcase name="testMultiplie" classname="CalculatorTest" time="0.0"/>
  <testcase name="testDivise" classname="CalculatorTest" time="0.001"/>
  <system-out><![CDATA[a = -73; b = 59
a = -78; b = -9
a = 96; b = 82
a = -22; b = -93
a = 90; b = -14
a = 50; b = -5
a = 83; b = 24
a = 76; b = -7
a = -72; b = -10
a = -51; b = 69
a = -92; b = -91
a = -40; b = 1
a = -35; b = 36
a = 42; b = 33
a = -79; b = -13
a = 85; b = 54
a = -20; b = 75
a = 42; b = -21
a = 57; b = -75
a = -53; b = 85
a = -97; b = -68
a = 74; b = 79
a = 80; b = 52
a = 28; b = -6
a = 95; b = 29
a = -60; b = 80
a = -62; b = 61
a = -77; b = 54
a = 84; b = 8
a = 81; b = 42
a = 79; b = 15
a = -45; b = -80
a = -94; b = -2
a = -61; b = -76
a = 38; b = -38
a = 25; b = -33
a = -88; b = 44
a = -20; b = -81
a = 77; b = -56
a = -11; b = 0
a = -65; b = 50
a = -77; b = 15
a = 96; b = -19
a = 65; b = -99
a = 21; b = 68
a = -13; b = 6
a = -97; b = 72
a = -32; b = -8
a = -10; b = -46
a = 72; b = -64
a = 7; b = -27
a = 28; b = 91
a = 29; b = -98
a = 95; b = 63
a = -45; b = 27
a = -47; b = -9
a = -56; b = 64
a = -89; b = 32
a = -20; b = -86
a = -7; b = -27
a = -68; b = 73
a = -37; b = -93
a = -56; b = 15
a = 83; b = 49
a = 5; b = -81
a = -9; b = -68
a = -80; b = -45
a = 43; b = 25
a = 95; b = 97
a = -13; b = -9
a = 9; b = 14
a = 82; b = -28
a = 81; b = 70
a = -9; b = -37
a = -30; b = -40
a = 61; b = 86
a = -9; b = 19
a = 87; b = 51
a = -83; b = 96
a = -50; b = 30
a = -41; b = -91
a = -26; b = -23
a = 36; b = 92
a = 24; b = -45
a = -90; b = -74
a = -1; b = -38
a = 87; b = 20
a = 66; b = 1
a = 53; b = 95
a = -57; b = 29
a = 49; b = -18
a = 53; b = 24
a = 24; b = 73
a = -89; b = -10
a = -73; b = -71
a = 85; b = -82
a = -48; b = -89
a = -94; b = -99
a = 57; b = 84
a = 86; b = -6
a = -81; b = -45
a = -71; b = 65
a = 86; b = -52
a = -2; b = 32
a = -86; b = 24
a = 58; b = -21
a = -24; b = 61
a = 78; b = -87
a = 5; b = -60
a = -52; b = -35
a = 84; b = 1
a = -61; b = -48
a = -18; b = 57
a = 12; b = -46
a = -38; b = -83
a = -96; b = -68
a = -90; b = 87
a = -57; b = 89
a = 76; b = -45
a = 34; b = 87
a = -41; b = -97
a = -69; b = 20
a = 3; b = 4
a = -46; b = -15
a = 78; b = -71
a = -12; b = -88
a = -91; b = -56
a = -3; b = -20
a = 72; b = 41
a = -29; b = -79
a = 86; b = 60
a = 12; b = 51
a = 23; b = 75
a = -14; b = 29
a = 22; b = -41
a = -4; b = -86
a = 58; b = -14
a = -25; b = -73
a = -87; b = 32
a = 10; b = -72
a = 28; b = 12
a = -48; b = 54
a = -90; b = 58
a = -56; b = -4
a = 73; b = 53
a = 10; b = 81
a = -68; b = -4
a = -51; b = -66
a = -20; b = 79
a = 47; b = 64
a = -7; b = 59
a = -71; b = -19
a = 18; b = 79
a = 48; b = -5
a = -43; b = -60
a = 59; b = 33
a = 13; b = -43
a = -3; b = -58
a = -36; b = -80
a = -56; b = -59
a = 1; b = -37
a = 7; b = -2
a = -21; b = -46
a = 84; b = -95
a = 63; b = -89
a = -73; b = -13
a = -61; b = 20
a = -59; b = 44
a = -51; b = -33
a = 70; b = -86
a = -48; b = -37
a = 33; b = -21
a = 83; b = 63
a = -80; b = -38
a = 82; b = 87
a = -93; b = 1
a = 96; b = -22
a = -98; b = -35
a = 42; b = 51
a = 97; b = 53
a = 45; b = -36
a = -52; b = 25
a = -44; b = -42
a = -94; b = -8
a = 92; b = -90
a = 66; b = -86
a = -50; b = 36
a = -61; b = 42
a = 0; b = 76
a = -22; b = -44
a = 6; b = 92
a = -88; b = -95
a = -52; b = 28
a = 85; b = -99
a = 57; b = -12
a = 26; b = 77
a = 16; b = -44
a = 57; b = -27
a = 95; b = 89
a = 24; b = 40
a = 57; b = -62
a = 38; b = 26
a = 19; b = 34
a = -11; b = 77
a = -45; b = -91
a = 0; b = -58
a = 40; b = -92
a = -43; b = -26
a = -82; b = -90
a = 81; b = 34
a = -99; b = 49
a = -20; b = 41
a = -18; b = -51
a = 56; b = -45
a = -80; b = 69
a = -34; b = 75
a = -22; b = -31
a = 43; b = 90
a = 42; b = -60
a = -53; b = 11
a = 89; b = -12
a = 91; b = -29
a = -65; b = -57
a = 8; b = 33
a = -38; b = -88
a = 76; b = 7
a = 92; b = 55
a = -70; b = -41
a = -72; b = -48
a = -39; b = -42
a = -79; b = 49
a = 82; b = -53
a = 42; b = -61
a = 28; b = -39
a = -81; b = -46
a = -58; b = -84
a = -79; b = -31
a = -54; b = -10
a = 29; b = -37
a = -58; b = -4
a = -97; b = -79
a = -1; b = -58
a = -34; b = 0
a = -64; b = 25
a = 65; b = -49
a = -36; b = 81
a = 45; b = 71
a = -57; b = -26
a = -16; b = -67
a = 78; b = -80
a = 10; b = 22
a = -78; b = -33
a = -81; b = 60
a = 85; b = -22
a = 46; b = -52
a = 53; b = 80
a = 5; b = 68
a = -68; b = 50
a = -50; b = 75
a = 93; b = 93
a = -74; b = 48
a = 37; b = 58
a = -57; b = 8
a = 21; b = 37
a = -59; b = -5
a = 44; b = -15
a = 19; b = -96
a = 88; b = -70
a = 54; b = 28
a = -3; b = -62
a = -13; b = -64
a = 97; b = -66
a = -46; b = 81
a = -72; b = 25
a = 21; b = -55
a = 17; b = 44
a = -58; b = 29
a = 38; b = 2
a = -9; b = 52
a = -40; b = -50
a = 34; b = 77
a = 61; b = 65
a = 43; b = -26
a = 25; b = 89
a = 9; b = 80
a = -15; b = 8
a = -50; b = -86
a = -77; b = -14
a = -60; b = -9
a = 53; b = -66
a = -56; b = -10
a = 67; b = 89
a = 80; b = 51
a = -60; b = -42
a = -1; b = 1
a = -66; b = -68
a = -68; b = -14
a = -73; b = -80
a = 97; b = 68
a = -50; b = -19
a = 73; b = -51
a = 52; b = 66
a = 49; b = 16
a = 80; b = -28
a = 2; b = -55
a = 90; b = 39
a = -42; b = 67
a = 96; b = 20
a = 66; b = 80
a = -5; b = 26
a = 97; b = 67
a = 77; b = 8
a = -67; b = 77
a = -92; b = 46
a = -83; b = -4
a = 70; b = -88
a = -81; b = 79
a = 62; b = 41
a = 62; b = -29
a = -22; b = 0
a = 71; b = 84
a = -78; b = -85
a = -22; b = 90
a = 63; b = 5
a = 9; b = 60
a = 66; b = 89
a = -64; b = -11
a = 48; b = -30
a = -31; b = -39
a = 7; b = 2
a = -69; b = -3
a = -37; b = 78
a = -32; b = -6
a = -13; b = -44
a = -22; b = -25
a = -94; b = 51
a = -95; b = -90
a = -50; b = 46
a = -9; b = -76
a = 4; b = -41
a = 41; b = -68
a = 87; b = 11
a = -49; b = 17
a = 51; b = -70
a = -60; b = -5
a = -9; b = -68
a = -92; b = -41
a = 65; b = -45
a = -13; b = -73
a = 9; b = 11
a = -87; b = 52
a = -13; b = 39
a = 57; b = 13
a = 30; b = 16
a = -75; b = -28
a = -7; b = -52
a = -8; b = -23
a = 81; b = 88
a = 0; b = 29
a = -95; b = 5
a = 88; b = 53
a = -31; b = -31
a = -81; b = -4
a = -25; b = -54
a = -31; b = -33
a = 73; b = -44
a = 27; b = 33
a = 84; b = 20
a = -46; b = -73
a = -96; b = -97
a = -37; b = 13
a = -8; b = 42
a = 8; b = -19
a = -43; b = -75
a = 47; b = 92
a = -15; b = 81
a = -12; b = -7
a = 41; b = -68
a = 91; b = 35
a = -46; b = -66
a = 14; b = 66
a = -6; b = -16
a = -34; b = -5
a = 9; b = -38
a = 14; b = -79
a = 65; b = 79
a = -78; b = 29
a = -9; b = 39
a = 64; b = -94
a = -29; b = 47
a = -48; b = -60
a = -55; b = 68
a = -50; b = -99
a = -80; b = 82
a = 24; b = 64
a = 59; b = -13
a = -14; b = 36
a = -63; b = 3
a = 76; b = 6
a = -95; b = -76
a = -3; b = -6
a = -38; b = -83
a = 43; b = 25
a = -43; b = -57
a = 30; b = 34
a = -32; b = -30
a = 42; b = 47
a = -99; b = -15
a = -28; b = -10
a = 24; b = -84
a = -1; b = -30
a = 14; b = 86
a = 50; b = 16
a = -10; b = -63
a = 8; b = -80
a = 16; b = 9
a = 44; b = -30
a = 49; b = 30
a = -22; b = -48
a = 94; b = -84
a = 9; b = -61
a = 30; b = 87
a = -8; b = -87
a = 4; b = 6
a = 12; b = -15
a = 67; b = 76
a = -83; b = -66
a = -3; b = -50
a = 12; b = 4
a = -4; b = 12
a = -22; b = -23
a = -18; b = 92
a = 79; b = -49
a = -63; b = 50
a = -1; b = -71
a = -65; b = -50
a = -7; b = -10
a = 41; b = -75
a = 47; b = -43
a = 83; b = 62
a = 60; b = -8
a = 41; b = -51
a = -84; b = -25
a = -46; b = -98
a = 25; b = 21
a = -98; b = 49
a = 63; b = -54
a = 4; b = -53
a = 2; b = -77
a = 72; b = 0
a = 28; b = 81
a = -17; b = 1
a = -96; b = -21
a = 19; b = -57
a = -90; b = 1
a = -83; b = -98
a = -35; b = -2
a = -2; b = -85
a = -30; b = -18
a = -9; b = 30
a = 90; b = 14
a = 63; b = -80
a = -75; b = 0
a = -93; b = 50
a = -56; b = 52
a = 0; b = 49
a = 22; b = 81
a = 2; b = -47
a = -18; b = 72
a = 73; b = -12
a = -71; b = 92
a = -37; b = 85
a = 67; b = -14
a = 57; b = 97
a = -42; b = 59
a = -44; b = -70
a = 49; b = -74
a = 78; b = 48
a = -66; b = 55
a = -35; b = -9
a = 26; b = -63
a = -90; b = -10
a = -63; b = -71
a = -86; b = -49
a = -51; b = -16
a = 63; b = 68
a = 60; b = -41
a = -45; b = -90
a = -87; b = -6
a = 32; b = 64
a = 64; b = -50
a = -77; b = 17
a = -80; b = -34
a = 40; b = -32
a = -41; b = 78
a = -23; b = 6
a = -87; b = 3
a = -81; b = -75
a = -41; b = -20
a = 92; b = 10
a = -5; b = -83
a = 39; b = 2
a = 36; b = -69
a = -91; b = -36
a = -93; b = 44
a = -38; b = -69
a = -83; b = -69
a = 24; b = 95
a = 27; b = 2
a = -66; b = -41
a = 43; b = -52
a = -44; b = -61
a = 36; b = 59
a = 97; b = 34
a = -1; b = 42
a = 13; b = 29
a = -93; b = -93
a = -96; b = -5
a = 60; b = -43
a = 7; b = -75
a = -88; b = -12
a = -71; b = -21
a = 83; b = -95
a = 14; b = 8
a = -45; b = 30
a = -29; b = -34
a = -31; b = -10
a = -13; b = 38
a = -95; b = 48
a = 11; b = 20
a = -59; b = 0
a = -4; b = 60
a = -84; b = 96
a = -96; b = 48
a = -32; b = -77
a = 70; b = 14
a = 13; b = -89
a = -9; b = 48
a = -61; b = 4
a = -61; b = -96
a = -25; b = -29
a = -80; b = 73
a = -51; b = 74
a = 18; b = 9
a = -49; b = -43
a = -73; b = 29
a = -13; b = 91
a = -98; b = -46
a = -80; b = 22
a = -27; b = -25
a = 79; b = -30
a = -19; b = 56
a = -58; b = -68
a = 22; b = -5
a = -18; b = -28
a = -35; b = -10
a = 56; b = -44
a = 0; b = -96
a = 58; b = 73
a = 0; b = -64
a = -20; b = -75
a = -86; b = 13
a = -8; b = -16
a = 18; b = 38
a = 34; b = 83
a = -92; b = 90
a = 13; b = 90
a = 95; b = -51
a = -7; b = -60
a = 89; b = 48
a = -97; b = 43
a = 31; b = -56
a = 97; b = -37
a = -24; b = -4
a = -78; b = -62
a = -51; b = -68
a = -64; b = -48
a = 67; b = 72
a = -31; b = 39
a = -16; b = -90
a = 58; b = 40
a = -17; b = 12
a = 73; b = -3
a = 31; b = 96
a = 1; b = 21
a = 1; b = -39
a = -74; b = 86
a = -57; b = 13
a = -10; b = 52
a = 63; b = 17
a = 66; b = -30
a = 45; b = -10
a = 21; b = 78
a = -62; b = -56
a = 83; b = 4
a = 50; b = 6
a = 22; b = 49
a = -71; b = 62
a = -46; b = -93
a = 62; b = -76
a = 78; b = 81
a = -40; b = 89
a = 11; b = -2
a = 24; b = 71
a = 89; b = 63
a = 94; b = -78
a = 18; b = 48
a = -9; b = -69
a = 30; b = -62
a = -97; b = 34
a = -62; b = 97
a = 12; b = -38
a = 52; b = 1
a = -89; b = 17
a = -87; b = -47
a = 6; b = 23
a = -83; b = 24
a = 91; b = 27
a = 82; b = 75
a = -24; b = -2
a = 70; b = 42
a = 29; b = -97
a = -69; b = -48
a = 64; b = 91
a = 0; b = 67
a = 50; b = 26
a = 78; b = -91
a = 68; b = -80
a = 94; b = 68
a = 76; b = -62
a = -76; b = 94
a = 56; b = 68
a = 5; b = -88
a = 70; b = -50
a = -5; b = -78
a = 73; b = 87
a = 61; b = -72
a = 8; b = 61
a = 38; b = 51
a = 62; b = 34
a = -28; b = -25
a = 70; b = -24
a = -88; b = 8
a = -88; b = 48
a = 65; b = 44
a = -80; b = -54
a = -81; b = 42
a = 35; b = 22
a = -74; b = 17
a = -5; b = -15
a = -27; b = 32
a = -90; b = 93
a = 54; b = -16
a = 20; b = 79
a = 47; b = 0
a = -7; b = 43
a = 89; b = -96
a = 67; b = -30
a = -70; b = -14
a = 68; b = -28
a = 72; b = -20
a = 30; b = 38
a = -88; b = -88
a = 84; b = 16
a = 66; b = -29
a = -16; b = -30
a = -17; b = 77
a = -57; b = 73
a = -35; b = -89
a = 9; b = -20
a = -27; b = 53
a = 45; b = -25
a = -38; b = -96
a = -67; b = -2
a = 78; b = 18
a = -3; b = -42
a = 50; b = -88
a = -86; b = -59
a = 58; b = -51
a = -21; b = 38
a = 80; b = -63
a = 91; b = 9
a = -93; b = -65
a = -69; b = 21
a = -5; b = 19
a = -34; b = -68
a = -21; b = 64
a = 90; b = 51
a = -60; b = 40
a = 31; b = 66
a = -65; b = -36
a = -87; b = 97
a = 84; b = -35
a = -30; b = 23
a = -60; b = 46
a = 62; b = 75
a = -77; b = -13
a = -99; b = -29
a = -95; b = -16
a = -25; b = -16
a = -14; b = -94
a = 33; b = 56
a = 75; b = -45
a = -22; b = -88
a = -45; b = -56
a = 7; b = -17
a = -57; b = -11
a = 13; b = -68
a = -97; b = -41
a = 65; b = -76
a = -94; b = -55
a = 62; b = -16
a = -87; b = -87
a = -83; b = 73
a = -57; b = -95
a = 86; b = 0
a = -14; b = 54
a = -33; b = 67
a = 12; b = 57
a = 57; b = 3
a = 0; b = -43
a = 63; b = -72
a = 24; b = 38
a = 43; b = 75
a = -22; b = -59
a = -78; b = 11
a = -78; b = 63
a = 9; b = -26
a = -33; b = 74
a = -8; b = -63
a = 9; b = 10
a = -88; b = 82
a = -91; b = -28
a = 82; b = -16
a = 20; b = -81
a = -26; b = 4
a = 33; b = -72
a = 90; b = -75
a = -33; b = 72
a = 6; b = -65
a = 6; b = 62
a = -32; b = 76
a = 75; b = -38
a = 63; b = 97
a = 26; b = 74
a = 23; b = -1
a = 27; b = 59
a = -57; b = 49
a = -26; b = -19
a = 25; b = -72
a = -98; b = 46
a = -62; b = 94
a = 87; b = -32
a = -96; b = 21
a = 52; b = -56
a = 92; b = -67
a = 17; b = 97
a = 35; b = 22
a = 92; b = -3
a = -74; b = 57
a = -40; b = 42
a = 7; b = -18
a = 71; b = 73
a = -60; b = -69
a = -89; b = 3
a = -5; b = -52
a = -16; b = -79
a = 19; b = -49
a = 47; b = -7
a = 28; b = -63
a = 76; b = 81
a = -82; b = 74
a = 13; b = 36
a = -39; b = 33
a = 66; b = -27
a = 80; b = 48
a = 95; b = -42
a = 1; b = 50
a = -76; b = 54
a = 43; b = -36
a = -55; b = -45
a = -33; b = -46
a = 8; b = 71
a = -85; b = 48
a = 76; b = 66
a = -63; b = -76
a = -65; b = 7
a = 89; b = -68
a = 6; b = 61
a = 27; b = -84
a = 12; b = 97
a = 29; b = -17
a = -88; b = -10
a = 19; b = -79
a = -56; b = 4
a = 3; b = 31
a = 20; b = 76
a = 74; b = 35
a = -48; b = 57
a = 39; b = -31
a = -26; b = 88
a = 49; b = 61
a = 24; b = -51
a = -32; b = 53
a = 67; b = 19
a = -83; b = -45
a = -84; b = -12
a = 14; b = 71
a = -26; b = -41
a = -31; b = -49
a = 16; b = 34
a = 3; b = -28
a = 29; b = -32
a = 23; b = 39
a = -48; b = -36
a = 24; b = -51
a = 30; b = -64
a = -5; b = -21
a = -30; b = -71
a = 0; b = 22
a = -91; b = 46
a = 41; b = 1
a = -32; b = -70
a = 6; b = -8
a = -33; b = 74
a = 22; b = 63
a = 25; b = 27
a = -61; b = 44
a = 65; b = 13
a = -58; b = 13
a = -89; b = -6
a = 25; b = 82
a = 21; b = -10
a = -4; b = -78
a = -59; b = 69
a = 25; b = -40
a = -58; b = 16
a = -12; b = 77
a = -90; b = 73
a = -90; b = -14
a = -85; b = 74
a = -60; b = 90
a = -82; b = 61
a = 28; b = -2
a = 93; b = -59
a = 65; b = 4
a = -57; b = 74
a = 8; b = -24
a = -54; b = -16
a = -81; b = -35
a = -18; b = -2
a = -6; b = 80
a = 61; b = -59
a = -10; b = 51
a = 83; b = -89
a = 62; b = -67
a = -48; b = -31
a = 58; b = 52
a = -24; b = -10
a = -39; b = -21
a = -22; b = 88
a = 13; b = -30
a = 79; b = -59
a = 9; b = -76
a = -37; b = -25
a = -68; b = 44
a = 80; b = 87
a = -18; b = 10
a = -69; b = -52
a = 4; b = 34
a = 42; b = 96
a = 46; b = -45
a = -55; b = -93
a = 3; b = -79
a = -71; b = -71
a = -39; b = -83
a = -53; b = 60
a = 92; b = -83
a = -13; b = 82
a = -9; b = -93
a = -93; b = 23
a = -53; b = 7
a = 97; b = -37
a = 14; b = 47
a = -84; b = 63
a = -26; b = 85
a = -45; b = -47
a = -47; b = 90
a = 66; b = 13
a = -4; b = -31
a = -31; b = 97
a = 8; b = 14
a = 40; b = 0
a = 15; b = 50
a = 95; b = -7
a = -40; b = 13
a = 86; b = 76
a = -22; b = 43
a = 76; b = 79
a = -44; b = 29
a = -79; b = 9
a = -11; b = -1
a = 90; b = -8
a = 44; b = 31
a = -96; b = -12
a = -5; b = 42
a = -26; b = -78
a = 67; b = 19
a = 48; b = 63
a = 90; b = -22
a = 5; b = 60
a = -82; b = 7
a = -82; b = 58
a = 95; b = -55
a = -48; b = -7
a = 57; b = -96
a = 18; b = 57
a = -71; b = 81
a = -72; b = -70
a = 7; b = -47
a = -16; b = -95
a = -64; b = -93
a = -80; b = -13
a = 29; b = 7
a = -19; b = -36
a = 33; b = 22
a = -29; b = 22
a = 11; b = 41
a = -70; b = 57
a = -47; b = 28
a = -61; b = 47
a = -80; b = 3
a = -9; b = -11
a = -50; b = -19
a = -81; b = -57
a = -13; b = -6
a = 75; b = -83
a = -68; b = -11
a = 18; b = -96
a = 95; b = 39
a = 16; b = -71
a = 36; b = 43
a = -76; b = 27
a = 75; b = -25
a = -70; b = -9
a = -65; b = 77
a = -80; b = -3
a = 37; b = -61
a = -56; b = 50
a = -59; b = -72
a = -7; b = -24
a = -86; b = -56
a = -68; b = -63
a = 0; b = -54
a = -95; b = 18
a = -60; b = 80
a = 25; b = -38
a = 61; b = -63
a = -86; b = 12
a = 43; b = 96
a = -97; b = 79
a = -17; b = -41
a = -41; b = 46
a = 72; b = 32
a = 91; b = -37
a = -46; b = -64
a = -74; b = -89
a = 55; b = 77
a = 17; b = 39
a = -26; b = -91
a = -55; b = -96
a = -68; b = 55
a = 47; b = 71
a = -49; b = 51
a = -61; b = 31
a = 62; b = -7
a = 50; b = -75
a = 81; b = 93
a = 12; b = -18
a = -41; b = -2
a = 80; b = -36
a = -56; b = 20
a = 15; b = -80
a = 13; b = -99
a = -8; b = 44
a = 53; b = -22
a = 39; b = -47
a = 0; b = 4
a = -36; b = -16
a = -21; b = 26
a = 0; b = 10
a = -84; b = -88
a = 59; b = 64
a = -89; b = -96
a = -86; b = 83
a = -70; b = -76
a = -10; b = 92
a = 74; b = -48
a = -14; b = -10
a = -4; b = -29
a = -16; b = 7
a = -97; b = -46
a = -95; b = 10
a = -38; b = 12
a = -98; b = -83
a = 9; b = 26
a = -91; b = -19
a = 46; b = -68
a = 56; b = 22
a = -13; b = -55
a = -76; b = 29
a = -99; b = -89
a = -29; b = 31
a = 47; b = -54
a = 95; b = -11
a = -90; b = -12
a = 81; b = -87
a = -35; b = 39
a = -90; b = 23
a = 0; b = -14
a = -57; b = -27
a = 97; b = 74
a = -24; b = 27
a = -66; b = 17
a = 53; b = -31
a = -86; b = 11
a = -35; b = 8
a = 96; b = -45
a = -98; b = -44
a = 37; b = 10
a = 44; b = 92
a = 16; b = 30
a = 84; b = 9
a = -37; b = 0
a = 94; b = 41
a = 33; b = 45
a = 33; b = -74
a = -99; b = 77
a = 64; b = 78
a = -85; b = 64
a = -6; b = 97
a = 64; b = -40
a = 67; b = 0
a = -94; b = -46
a = 85; b = -74
a = 85; b = 93
a = 27; b = 63
a = -29; b = -85
a = 72; b = -33
a = -50; b = -90
a = 68; b = 32
a = -35; b = -20
a = 20; b = -96
a = -81; b = -23
a = 48; b = -83
a = -76; b = -16
a = 30; b = 11
a = -30; b = -65
a = 24; b = -81
a = 57; b = 95
a = 85; b = 15
a = 44; b = 78
a = 5; b = 42
a = 45; b = 28
a = -48; b = -23
a = -78; b = 46
a = -95; b = 54
a = 40; b = 72
a = 10; b = 47
a = -39; b = 21
a = -53; b = -2
a = -90; b = -61
a = -60; b = 47
a = -15; b = 12
a = 89; b = -5
a = -22; b = 4
a = -93; b = 59
a = -31; b = 72
a = 51; b = -42
a = -60; b = 37
a = -75; b = 16
a = 21; b = 71
a = 47; b = 28
a = -58; b = 93
a = -59; b = 30
a = 40; b = 12
a = -14; b = 30
a = 42; b = 29
a = 61; b = -41
a = 37; b = 51
a = -61; b = 38
a = -27; b = -20
a = -10; b = 43
a = 68; b = -79
a = 8; b = 57
a = -3; b = 22
a = -49; b = 93
a = 54; b = 50
a = -16; b = 35
a = -66; b = 57
a = 8; b = -35
a = -35; b = -34
a = 44; b = 72
a = -60; b = -98
a = 90; b = 96
a = 86; b = -15
a = -22; b = 77
a = 86; b = 93
a = 56; b = -70
a = 92; b = -55
a = -11; b = -87
a = -12; b = -79
a = 59; b = -96
a = -68; b = 35
a = -49; b = 80
a = 56; b = -99
a = 32; b = 61
a = 55; b = -18
a = 84; b = 54
a = -63; b = -58
a = -67; b = 33
a = -25; b = -21
a = -88; b = -52
a = -69; b = 64
a = 67; b = 58
a = -71; b = -5
a = 83; b = 96
a = -63; b = -10
a = 80; b = 6
a = -12; b = 20
a = -35; b = 14
a = 32; b = 16
a = -20; b = -47
a = -68; b = -58
a = -39; b = -10
a = 29; b = 69
a = -5; b = -6
a = -95; b = -6
a = -21; b = 72
a = -94; b = -78
a = -12; b = -58
a = 66; b = -95
a = -65; b = 7
a = -1; b = -39
a = 28; b = -97
a = -81; b = 28
a = -38; b = 37
a = -49; b = -53
a = -54; b = 51
a = -98; b = -47
a = -52; b = 19
a = -15; b = -28
a = -52; b = -9
a = -79; b = 83
a = 51; b = -11
a = -94; b = 33
a = 19; b = -48
a = -7; b = -57
a = 43; b = 47
a = -81; b = -1
a = -42; b = 68
a = -15; b = 69
a = 5; b = 31
a = -76; b = 84
a = -22; b = 34
a = 78; b = 29
a = 6; b = 29
a = -5; b = -84
a = -19; b = -17
a = -14; b = 25
a = 59; b = 48
a = -7; b = 91
a = 48; b = 67
a = -94; b = -49
a = -77; b = -1
a = -69; b = -86
a = 82; b = -61
a = -37; b = -45
a = -54; b = -16
a = -63; b = -13
a = 12; b = -34
a = -33; b = -48
a = -34; b = 21
a = -35; b = 6
a = -57; b = 0
a = -90; b = 16
a = 50; b = 17
a = 9; b = -86
a = 26; b = 18
a = 90; b = 21
a = -56; b = -47
a = 67; b = 36
a = 48; b = 7
a = 81; b = -22
a = 52; b = -54
a = -42; b = -6
a = -29; b = 48
a = -94; b = 37
a = -96; b = 10
a = 33; b = 55
a = -83; b = -59
a = -41; b = 62
a = 40; b = 64
a = 48; b = 55
a = -28; b = 27
a = -21; b = -35
a = -24; b = -81
a = 75; b = -52
a = 15; b = -2
a = 19; b = -31
a = 16; b = 76
a = 95; b = 87
a = 69; b = -28
a = -60; b = 34
a = 82; b = 54
a = 63; b = -64
a = -67; b = -6
a = -10; b = -47
a = 38; b = -14
a = 97; b = -97
a = 96; b = -69
a = -63; b = -46
a = -19; b = -94
a = 11; b = -27
a = 40; b = 29
a = -64; b = 96
a = 37; b = -5
a = 47; b = -50
a = -68; b = 17
a = 58; b = 5
a = -31; b = 87
a = -2; b = 35
a = -1; b = -52
a = 7; b = 23
a = -17; b = 10
a = 2; b = 27
a = -11; b = 70
a = -42; b = 36
a = 53; b = -29
a = -31; b = -28
a = -92; b = -11
a = 57; b = -58
a = 57; b = -53
a = -76; b = -9
a = 1; b = 35
a = -70; b = 89
a = 59; b = 31
a = -2; b = -68
a = -28; b = 31
a = 48; b = 70
a = 84; b = 52
a = 24; b = 47
a = 25; b = -22
a = -75; b = -53
a = -63; b = -43
a = -84; b = 71
a = -24; b = 30
a = 65; b = 76
a = 49; b = -49
a = -44; b = -89
a = -11; b = 92
a = 85; b = -19
a = 55; b = 9
a = 35; b = -75
a = 56; b = 83
a = 40; b = -32
a = -76; b = -78
a = 88; b = 4
a = 56; b = -6
a = 84; b = -28
a = -60; b = -87
a = 42; b = -50
a = -23; b = 22
a = -7; b = 43
a = -70; b = 19
a = 70; b = 28
a = -69; b = 44
a = -86; b = -67
a = 2; b = -52
a = -28; b = 0
a = 53; b = -67
a = -56; b = -57
a = -25; b = 5
a = -32; b = -39
a = -54; b = 38
a = 78; b = -13
a = 49; b = 27
a = -53; b = 71
a = -19; b = -52
a = -12; b = -57
a = 67; b = -33
a = -62; b = -45
a = 76; b = 40
a = -28; b = 35
a = -20; b = 89
a = 76; b = -6
a = -15; b = -21
a = 8; b = -24
a = 7; b = 63
a = 48; b = 9
a = 20; b = 11
a = -86; b = -32
a = -54; b = -26
a = -98; b = -42
a = -76; b = -7
a = 16; b = 58
a = -87; b = -33
a = 78; b = -13
a = 43; b = 76
a = 6; b = -37
a = -41; b = -53
a = -66; b = -94
a = 71; b = -22
a = -75; b = -79
a = 27; b = 9
a = -68; b = 21
a = -96; b = -69
a = 67; b = -79
a = -54; b = -91
a = 84; b = -34
a = 39; b = 10
a = 22; b = 49
a = 67; b = 53
a = -60; b = 53
a = 43; b = 14
a = 88; b = 90
a = 21; b = -61
a = 92; b = -98
a = 43; b = -68
a = -58; b = -31
a = 84; b = -89
a = -86; b = 17
a = -10; b = -54
a = -31; b = 8
a = -78; b = -8
a = -65; b = -14
a = 62; b = 76
a = -79; b = 68
a = 69; b = 86
a = 61; b = 27
a = -30; b = 33
a = 32; b = -2
a = -28; b = -73
a = 55; b = 54
a = -29; b = -95
a = -85; b = 22
a = 66; b = 0
a = 32; b = -37
a = 71; b = 17
a = -73; b = 13
a = 58; b = -18
a = -29; b = -46
a = 53; b = 97
a = 84; b = -74
a = 44; b = 94
a = 9; b = 18
a = 40; b = -89
a = -81; b = 91
a = 73; b = 71
a = 72; b = -46
a = 92; b = -28
a = 81; b = -95
a = 35; b = 46
a = 59; b = -41
a = 90; b = -69
a = 40; b = -66
a = -61; b = 63
a = -54; b = 47
a = 96; b = -35
a = 55; b = 68
a = 16; b = -36
a = -52; b = -21
a = -42; b = -75
a = -44; b = 54
a = -48; b = -94
a = -33; b = -24
a = 17; b = 12
a = -40; b = -2
a = -48; b = -33
a = 31; b = 41
a = -17; b = -72
a = 44; b = 9
a = 40; b = -35
a = -73; b = -16
a = -33; b = -16
a = 44; b = 65
a = 6; b = 43
a = 39; b = 59
a = 33; b = 8
a = 93; b = -37
a = 0; b = -71
a = 67; b = 53
a = -51; b = 45
a = 26; b = 63
a = 60; b = -6
a = -25; b = -42
a = -11; b = -6
a = -98; b = -81
a = 72; b = -47
a = 66; b = 2
a = 72; b = 46
a = -99; b = 53
a = -82; b = 64
a = 78; b = 45
a = 50; b = -37
a = 58; b = -30
a = 73; b = 81
a = -43; b = 90
a = 79; b = -85
a = 17; b = -77
a = 67; b = -11
a = -2; b = -1
a = 46; b = 63
a = -54; b = -5
a = 70; b = -6
a = -83; b = -32
a = -38; b = 95
a = -42; b = 94
a = 75; b = -5
a = 24; b = -41
a = 90; b = -21
a = 70; b = 73
a = -48; b = 70
a = 73; b = 13
a = -57; b = 62
a = 1; b = -13
a = -48; b = -42
a = -27; b = -62
a = -79; b = 10
a = -50; b = -61
a = -74; b = -10
a = -26; b = 2
a = 43; b = -4
a = -80; b = -68
a = -43; b = 57
a = -53; b = -17
a = 32; b = 44
a = 96; b = -41
a = 14; b = -5
a = 70; b = 44
a = 63; b = -43
a = 71; b = 90
a = 57; b = 75
a = 26; b = -29
a = 5; b = -12
a = 72; b = 34
a = -30; b = 62
a = 34; b = -91
a = -18; b = 91
a = 6; b = 23
a = -47; b = 40
a = 15; b = 84
a = 27; b = -40
a = -37; b = -30
a = 51; b = -15
a = -51; b = -20
a = -44; b = -68
a = -21; b = -70
a = 57; b = -77
a = -7; b = 71
a = -40; b = 1
a = 79; b = -6
a = 94; b = -52
a = -45; b = -97
a = 16; b = 13
a = 76; b = 76
a = 2; b = 70
a = -43; b = 52
a = -75; b = -26
a = -51; b = -1
a = 97; b = 70
a = 67; b = -19
a = 71; b = 25
a = 61; b = 47
a = 59; b = -39
a = 42; b = 29
a = 54; b = -2
a = -54; b = 41
a = 40; b = 51
a = 33; b = -4
a = -71; b = -28
a = 22; b = 42
a = 15; b = 77
a = -19; b = 17
a = 0; b = 90
a = -88; b = -35
a = -94; b = 91
a = 7; b = 94
a = -68; b = 59
a = 92; b = -25
a = 95; b = -83
a = -10; b = 49
a = 41; b = -94
a = -74; b = -16
a = 53; b = -1
a = -76; b = -63
a = -53; b = -86
a = 71; b = -56
a = -13; b = -18
a = -32; b = 96
a = 92; b = -55
a = -32; b = 40
a = -25; b = 79
a = 86; b = -84
a = 15; b = 90
a = -49; b = 33
a = -74; b = 97
a = -73; b = 65
a = 73; b = 75
a = 19; b = -68
a = 4; b = 4
a = 5; b = -54
a = 83; b = -57
a = -36; b = -36
a = -76; b = -84
a = 72; b = 0
a = -30; b = 86
a = -92; b = 72
a = 68; b = -49
a = -97; b = 26
a = -99; b = 48
a = 82; b = -97
a = 27; b = -44
a = -17; b = -5
a = 66; b = -64
a = -83; b = -11
a = -96; b = -3
a = -56; b = -58
a = 66; b = -93
a = -18; b = -25
a = -22; b = 15
a = -92; b = -5
a = 65; b = 73
a = 50; b = -21
a = -67; b = -73
a = -9; b = -5
a = 6; b = -98
a = -18; b = 66
a = 0; b = 0
a = -78; b = 58
a = -85; b = -27
a = 25; b = -75
a = 49; b = -75
a = 44; b = -26
a = 53; b = -53
a = -57; b = -28
a = -40; b = 83
a = -90; b = 23
a = 54; b = -13
a = 25; b = -97
a = 78; b = 85
a = -74; b = 34
a = 94; b = -43
a = 20; b = 69
a = 60; b = 45
a = -75; b = 26
a = 23; b = 37
a = -90; b = -28
a = -35; b = 7
a = -72; b = -51
a = -22; b = 72
a = -8; b = -9
a = -33; b = 79
a = 63; b = -75
a = 32; b = -96
a = -38; b = -53
a = -59; b = 5
a = -47; b = 25
a = 48; b = -75
a = -99; b = -31
a = 2; b = 28
a = -10; b = -24
a = 47; b = 34
a = 6; b = 15
a = 23; b = 78
a = -70; b = 46
a = 77; b = 87
a = -66; b = 62
a = -17; b = -60
a = -82; b = 3
a = 75; b = -12
a = -37; b = -9
a = 71; b = -42
a = -9; b = 59
a = -71; b = -2
a = -5; b = 35
a = 52; b = -59
a = 97; b = -33
a = 92; b = 92
a = 63; b = -90
a = 66; b = -89
a = 35; b = -24
a = 40; b = -14
a = 78; b = -91
a = -47; b = -55
a = -59; b = 22
a = 75; b = -80
a = -86; b = 12
a = -21; b = 11
a = -2; b = -25
a = 3; b = -42
a = -11; b = -84
a = -25; b = 0
a = 73; b = 58
a = 94; b = 75
a = 71; b = 8
a = -72; b = -74
a = 48; b = -92
a = -41; b = -79
a = 81; b = -32
a = -63; b = 40
a = -43; b = -11
a = -41; b = 60
a = -29; b = -49
a = 32; b = -5
a = 0; b = 51
a = -59; b = 64
a = 41; b = 63
a = -62; b = -7
a = -88; b = 26
a = -8; b = -42
a = 21; b = -56
a = 91; b = 92
a = 97; b = 78
a = -1; b = 45
a = 3; b = 42
a = 13; b = 81
a = -14; b = 0
a = 19; b = -78
a = 15; b = -56
a = -47; b = -26
a = 8; b = -36
a = -15; b = 88
a = -2; b = -50
a = 27; b = -90
a = -53; b = -71
a = -83; b = -3
a = 62; b = -36
a = -79; b = 53
a = 69; b = -97
a = -5; b = 31
a = -23; b = -94
a = -47; b = -88
a = 72; b = -50
a = -3; b = -79
a = -23; b = 7
a = 57; b = 42
a = 73; b = 25
a = 34; b = 51
a = 3; b = 69
a = 47; b = 45
a = -98; b = -52
a = 23; b = -99
a = 66; b = 16
a = -61; b = 16
a = 1; b = 16
a = 27; b = -7
a = -97; b = 66
a = 37; b = 75
a = 60; b = -22
a = -90; b = 82
a = -10; b = 33
a = -12; b = 70
a = 73; b = 45
a = -12; b = 77
a = -23; b = 24
a = 29; b = 22
a = 28; b = -83
a = 79; b = 58
a = -10; b = 60
a = -41; b = -95
a = -57; b = -44
a = -26; b = -57
a = 48; b = 72
a = -9; b = -61
a = -26; b = -21
a = -81; b = 20
a = 66; b = 30
a = 52; b = -34
a = -23; b = -78
a = 17; b = -19
a = -74; b = -72
a = -12; b = -79
a = -18; b = 33
a = 57; b = 97
a = 21; b = 24
a = 80; b = -89
a = 30; b = -57
a = -71; b = 55
a = -96; b = 9
a = -64; b = 1
a = 61; b = 77
a = 54; b = -66
a = 33; b = 67
a = 24; b = -34
a = 95; b = 64
a = -81; b = -82
a = 69; b = 87
a = -71; b = 14
a = -54; b = -79
a = 84; b = 0
a = -27; b = -25
a = 72; b = 88
a = 24; b = 12
a = -74; b = -17
a = -67; b = -50
a = -15; b = 27
a = 34; b = -96
a = -21; b = 20
a = 3; b = 36
a = 22; b = 23
a = -95; b = 41
a = 57; b = 47
a = -30; b = 68
a = -85; b = 33
a = 3; b = 33
a = 82; b = 91
a = 13; b = 59
a = 34; b = 95
a = 2; b = -23
a = 4; b = 71
a = -81; b = -17
a = -22; b = -59
a = 81; b = -45
a = 77; b = -24
a = -82; b = 44
a = -16; b = -3
a = -13; b = 62
a = 65; b = 24
a = -78; b = 84
a = -16; b = 27
a = 16; b = 96
a = -97; b = -36
a = 6; b = 18
a = -93; b = 70
a = -87; b = -5
a = 34; b = -47
a = -27; b = -55
a = 81; b = -42
a = -6; b = -83
a = 95; b = 4
a = 32; b = 7
a = 61; b = -74
a = -84; b = -68
a = -45; b = -44
a = -38; b = 44
a = -64; b = -15
a = 46; b = 31
a = -18; b = 21
a = 61; b = -30
a = 86; b = 72
a = -58; b = -28
a = 1; b = -46
a = -92; b = -29
a = 49; b = -78
a = -37; b = 53
a = 93; b = -20
a = 41; b = -38
a = -8; b = 54
a = 65; b = 26
a = 73; b = -72
a = 53; b = -32
a = 56; b = -27
a = 75; b = 64
a = -76; b = -36
a = -31; b = 88
a = -45; b = -79
a = -34; b = 53
a = 47; b = -47
a = -94; b = 58
a = 62; b = -86
a = -95; b = 44
a = -81; b = 59
a = 6; b = 60
a = 66; b = 89
a = 26; b = 9
a = -5; b = 44
a = 71; b = 10
a = -5; b = -44
a = -97; b = 10
a = 48; b = 74
a = 20; b = -44
a = 51; b = 59
a = -33; b = -67
a = -46; b = -53
a = -6; b = -30
a = 57; b = 38
a = -73; b = -83
a = 29; b = 52
a = -18; b = -97
a = 73; b = 12
a = 79; b = 2
a = -17; b = -37
a = 47; b = 28
a = -26; b = 36
a = -45; b = 43
a = -57; b = 64
a = 5; b = 41
a = 58; b = -95
a = -96; b = -33
a = -5; b = 36
a = -37; b = 46
a = -66; b = -28
a = -80; b = -19
a = 5; b = 42
a = -35; b = 95
a = -33; b = -53
a = 32; b = -18
a = -54; b = 35
a = 64; b = -53
a = -91; b = -9
a = -14; b = -25
a = 20; b = 2
a = 34; b = 42
a = -70; b = -77
a = 70; b = 75
a = -69; b = 89
a = 68; b = 45
a = 13; b = -62
a = -94; b = -9
a = 85; b = -63
a = 86; b = 53
a = -45; b = -50
a = 86; b = 67
a = -32; b = 2
a = -61; b = 66
a = -54; b = -17
a = -19; b = 71
a = -90; b = 5
a = -90; b = 92
a = -10; b = -11
a = -98; b = 10
a = 74; b = 89
a = -47; b = -62
a = 1; b = -9
a = 6; b = 22
a = -3; b = 41
a = -39; b = -93
a = 46; b = -57
a = 70; b = -42
a = 29; b = 46
a = -80; b = -30
a = -60; b = -34
a = 11; b = 27
a = -48; b = -85
a = -2; b = 2
a = -56; b = -86
a = 16; b = -36
a = -88; b = 85
a = -39; b = 10
a = -74; b = 38
a = -4; b = 69
a = 66; b = 35
a = 36; b = 47
a = -53; b = 64
a = -3; b = -96
a = 76; b = -9
a = 93; b = -31
a = -77; b = -38
a = -91; b = -35
a = 12; b = 15
a = 63; b = 78
a = 54; b = -48
a = -92; b = 0
a = -92; b = 5
a = 79; b = -91
a = 76; b = 30
a = -30; b = 6
a = -99; b = -84
a = -4; b = -69
a = 2; b = -7
a = 69; b = 56
a = 49; b = 1
a = 87; b = 37
a = 44; b = 17
a = -17; b = -72
a = -30; b = -33
a = 94; b = 81
a = 37; b = 66
a = 54; b = -79
a = -4; b = -44
a = -29; b = -84
a = 49; b = 70
a = -80; b = -93
a = 20; b = 66
a = -69; b = -2
a = -8; b = -54
a = -98; b = 25
a = 96; b = 3
a = -25; b = -63
a = 9; b = -4
a = -93; b = -34
a = 41; b = -87
a = -96; b = 11
a = 8; b = 26
a = -89; b = -32
a = 3; b = 34
a = -31; b = -43
a = 57; b = 35
a = 91; b = -42
a = -85; b = 90
a = -12; b = -93
a = -2; b = -61
a = -24; b = -45
a = -19; b = 51
a = -7; b = 5
a = -87; b = -85
a = -37; b = 93
a = -74; b = 50
a = 34; b = 72
a = -78; b = -36
a = -68; b = 87
a = 19; b = 66
a = -57; b = 34
a = -85; b = -1
a = -25; b = -22
a = -3; b = 78
a = 75; b = -35
a = -86; b = 90
a = -28; b = -76
a = -60; b = 14
a = -81; b = 32
a = 11; b = -10
a = -33; b = 79
a = -43; b = -52
a = -61; b = 89
a = 59; b = -84
a = -29; b = 49
a = -74; b = -72
a = 67; b = -25
a = -87; b = 19
a = 91; b = -74
a = -7; b = 73
a = -15; b = 77
a = 55; b = -35
a = -37; b = -29
a = 84; b = 38
a = -34; b = -94
a = -8; b = 67
a = 20; b = 52
a = 16; b = 17
a = 82; b = -22
a = -92; b = -98
a = -4; b = 49
a = 96; b = 97
a = -60; b = 77
a = -95; b = -52
a = 41; b = 46
a = -8; b = 29
a = -5; b = 36
a = -16; b = -9
a = -33; b = 45
a = -88; b = 36
a = 15; b = -33
a = -71; b = -58
a = -73; b = -7
a = -46; b = -26
a = 67; b = -91
a = 72; b = 58
a = -21; b = -65
a = 30; b = 2
a = -12; b = -27
a = -20; b = -43
a = -95; b = 35
a = -17; b = -33
a = 79; b = -1
a = 35; b = 43
a = -72; b = -59
a = -36; b = -66
a = -95; b = -21
a = -6; b = -16
a = 73; b = -39
a = 77; b = 6
a = 31; b = -6
a = 13; b = 11
a = 77; b = -30
a = 35; b = -27
a = 74; b = 77
a = 30; b = -33
a = 39; b = -88
a = 26; b = -43
a = -1; b = 89
a = -24; b = -65
a = 34; b = 24
a = -27; b = -9
a = 71; b = -9
a = 13; b = 58
a = 57; b = -57
a = -12; b = 50
a = 49; b = 3
a = 42; b = -14
a = 91; b = 96
a = -61; b = 35
a = -92; b = -2
a = -95; b = 71
a = -68; b = 80
a = 28; b = 40
a = 28; b = 26
a = -18; b = -19
a = -33; b = -53
a = 97; b = -75
a = -49; b = -75
a = -92; b = 34
a = 60; b = 44
a = 59; b = -78
a = -96; b = -53
a = -28; b = -37
a = -39; b = -60
a = 91; b = 3
a = -83; b = -59
a = 43; b = 81
a = -48; b = -82
a = 19; b = 72
a = -14; b = -53
a = 82; b = -89
a = -1; b = -53
a = -88; b = 88
a = -10; b = 60
a = 76; b = -78
a = -33; b = -40
a = 13; b = -58
a = -50; b = -8
a = -82; b = 30
a = 29; b = 7
a = 74; b = 56
a = 35; b = 13
a = -15; b = -4
a = -19; b = 31
a = 64; b = 58
a = 96; b = -40
a = -29; b = 88
a = -46; b = 52
a = 53; b = -99
a = -73; b = 44
a = -5; b = 17
a = 7; b = -98
a = -7; b = -63
a = 95; b = 71
a = 10; b = -49
a = -59; b = -49
a = 46; b = 1
a = -10; b = 93
a = 0; b = 12
a = 80; b = -12
a = -45; b = -10
a = -41; b = -77
a = -30; b = -30
a = 84; b = -59
a = 80; b = 45
a = 35; b = -34
a = -86; b = -43
a = 19; b = 79
a = -88; b = 11
a = -94; b = 60
a = 30; b = -68
a = -20; b = 65
a = -38; b = 96
a = -29; b = 9
a = -47; b = 38
a = 19; b = -8
a = 96; b = -89
a = 31; b = 0
a = -89; b = 91
a = -92; b = -64
a = -89; b = -75
a = 66; b = -27
a = -88; b = -99
a = -66; b = -64
a = 37; b = 18
a = -6; b = -50
a = -42; b = -61
a = 82; b = 4
a = -70; b = 62
a = 76; b = 28
a = -78; b = -2
a = -40; b = -84
a = -79; b = 35
a = -24; b = 38
a = -80; b = -54
a = 48; b = 81
a = -21; b = -76
a = -21; b = 49
a = 80; b = -67
a = 18; b = -29
a = -28; b = -82
a = 66; b = -33
a = -52; b = 47
a = -43; b = 23
a = 67; b = -15
a = 78; b = -23
a = 52; b = -97
a = -14; b = 86
a = -77; b = 82
a = -23; b = 91
a = -18; b = -47
a = 4; b = -55
a = 89; b = -92
a = 72; b = -82
a = -14; b = -88
a = -96; b = 19
a = 36; b = 67
a = -93; b = -7
a = 70; b = 19
a = -66; b = 74
a = 43; b = 91
a = 37; b = 16
a = 19; b = 39
a = 64; b = -8
a = 3; b = -48
a = 86; b = 5
a = 83; b = -78
a = 40; b = 94
a = 75; b = -7
a = -75; b = 8
a = 13; b = -42
a = 40; b = -56
a = -26; b = 46
a = -55; b = 89
a = 53; b = 39
a = 3; b = 20
a = -56; b = 1
a = -55; b = 56
a = -24; b = 35
a = -24; b = 53
a = 18; b = -45
a = -48; b = 39
a = 28; b = 3
a = 72; b = -13
a = -86; b = 0
a = -66; b = -1
a = -60; b = 24
a = 58; b = -31
a = -64; b = 57
a = -47; b = 72
a = -51; b = 36
a = -48; b = -67
a = -60; b = 55
a = -32; b = 43
a = -77; b = 34
a = -53; b = 66
a = -82; b = 49
a = -83; b = 1
a = -40; b = 31
a = 21; b = -56
a = -22; b = 90
a = 17; b = 49
a = -90; b = -9
a = 67; b = 97
a = 19; b = -92
a = -86; b = -76
a = -13; b = 78
a = -73; b = -81
a = -27; b = 30
a = -64; b = 82
a = -5; b = 97
a = -82; b = 86
a = 43; b = 12
a = 62; b = 84
a = -89; b = 83
a = 11; b = 19
a = -60; b = 16
a = -60; b = 48
a = -60; b = 90
a = 35; b = -37
a = 11; b = -30
a = -70; b = -25
a = 3; b = -62
a = -73; b = -42
a = -23; b = 0
a = 25; b = -4
a = 73; b = 41
a = 55; b = 49
a = 33; b = -97
a = 85; b = 76
a = -27; b = -21
a = 90; b = -37
a = 92; b = 25
a = 45; b = 71
a = 19; b = 44
a = -37; b = -55
a = 39; b = -47
a = -52; b = 71
a = -54; b = -21
a = 91; b = 65
a = 60; b = 39
a = -7; b = -87
a = 86; b = -99
a = 80; b = 23
a = -99; b = 78
a = -4; b = -48
a = -40; b = 18
a = 23; b = -77
a = 61; b = -83
a = -25; b = 62
a = -42; b = 89
a = 85; b = 18
a = -61; b = -89
a = 36; b = 16
a = 72; b = 28
a = -25; b = 60
a = 28; b = -84
a = 9; b = 39
a = 28; b = 41
a = -55; b = 58
a = -86; b = 8
a = -17; b = 15
a = -20; b = 25
a = -13; b = 37
a = -8; b = 38
a = -8; b = 30
a = 13; b = -54
a = -86; b = 86
a = -91; b = 65
a = -89; b = 63
a = -52; b = -69
a = 90; b = -19
a = 23; b = 91
a = -27; b = -41
a = -8; b = 61
a = -43; b = 85
a = 70; b = -70
a = -12; b = -74
a = 11; b = -38
a = -83; b = 68
a = 23; b = 83
a = -45; b = -7
a = 41; b = 91
a = -3; b = -58
a = -81; b = -18
a = 71; b = -48
a = 71; b = -17
a = 68; b = -77
a = -21; b = -28
a = -60; b = 60
a = -35; b = 76
a = 66; b = 43
a = -38; b = -17
a = -49; b = 25
a = 15; b = 75
a = 57; b = 37
a = 31; b = -31
a = -78; b = 72
a = -60; b = 37
a = 33; b = 13
a = 91; b = -42
a = -25; b = 72
a = -6; b = 71
a = -20; b = 21
a = -5; b = 9
a = 73; b = 2
a = 95; b = 39
a = -82; b = 80
a = 78; b = 11
a = 54; b = -84
a = 6; b = 51
a = 52; b = -97
a = -73; b = 41
a = -15; b = 51
a = 18; b = 67
a = -98; b = -72
a = 34; b = 86
a = -52; b = 21
a = -8; b = 16
a = 28; b = 17
a = -32; b = -27
a = -60; b = 40
a = 34; b = -57
a = -7; b = 83
a = 53; b = 53
a = -67; b = 20
a = 26; b = -14
a = 92; b = -35
a = -52; b = 87
a = -45; b = 74
a = -43; b = 8
a = -45; b = 35
a = -79; b = 41
a = -2; b = -23
a = -99; b = -19
a = -71; b = -69
a = 74; b = 96
a = -1; b = 5
a = 42; b = -57
a = -62; b = -35
a = 69; b = 89
a = -42; b = 51
a = 71; b = -51
a = -35; b = 11
a = 2; b = -89
a = -40; b = 12
a = -98; b = 22
a = -20; b = 27
a = -67; b = -90
a = -17; b = -84
a = 1; b = -72
a = 64; b = 22
a = 47; b = 29
a = 29; b = 45
a = 78; b = 63
a = -33; b = -57
a = -67; b = -34
a = -61; b = 25
a = -72; b = -69
a = -36; b = -94
a = -65; b = 69
a = -50; b = 30
a = -62; b = 12
a = -57; b = 89
a = 83; b = -33
a = -34; b = 70
a = -21; b = 13
a = -49; b = 88
a = 12; b = 30
a = 30; b = -56
a = -75; b = 32
a = 51; b = -47
a = 95; b = -29
a = 13; b = 76
a = -46; b = 35
a = 35; b = 55
a = -93; b = 39
a = 21; b = 22
a = -90; b = -92
a = -49; b = 90
a = 86; b = -70
a = 74; b = -58
a = 34; b = -58
a = 69; b = -31
a = -35; b = -56
a = -88; b = -29
a = 38; b = -90
a = 56; b = 79
a = 15; b = -80
a = -13; b = 52
a = 7; b = -6
a = 87; b = 31
a = 2; b = -19
a = 21; b = 7
a = -5; b = -99
a = -63; b = -57
a = -19; b = 0
a = -52; b = -26
a = -54; b = 57
a = -10; b = -47
a = 94; b = 68
a = -13; b = -12
a = 49; b = 50
a = 27; b = 70
a = -17; b = 58
a = -94; b = 22
a = 67; b = 86
a = -11; b = -10
a = -23; b = -54
a = -95; b = -97
a = 92; b = -13
a = -23; b = -80
a = 14; b = -50
a = 0; b = -5
a = 17; b = -93
a = 96; b = 95
a = 67; b = -51
a = 16; b = -7
a = -4; b = 86
a = -98; b = 6
a = -47; b = 28
a = 48; b = -9
a = 46; b = 68
a = 46; b = -59
a = 15; b = 63
a = 25; b = -94
a = 52; b = -99
a = -70; b = 30
a = 14; b = 7
a = -30; b = 30
a = 23; b = 97
a = 72; b = 84
a = 27; b = 12
a = 24; b = 42
a = 90; b = -97
a = -28; b = 40
a = 9; b = -22
a = 93; b = 14
a = -60; b = 63
a = -28; b = 44
a = -25; b = -6
a = -72; b = 87
a = 97; b = -53
a = -87; b = 92
a = 59; b = -53
a = -62; b = -17
a = -88; b = 57
a = 93; b = 62
a = 3; b = 0
a = -22; b = -22
a = 9; b = -79
a = 82; b = -58
a = -78; b = 70
a = 48; b = 6
a = -69; b = -24
a = 67; b = -37
a = -95; b = -36
a = 52; b = -47
a = -36; b = -86
a = -18; b = 71
a = 61; b = -59
a = 27; b = -89
a = -42; b = -71
a = -42; b = -8
a = -72; b = 31
a = 5; b = -91
a = -39; b = 64
a = -33; b = 71
a = 63; b = 74
a = -72; b = -39
a = -10; b = -86
a = -59; b = 89
a = -65; b = 1
a = -53; b = -91
a = 28; b = 87
a = -69; b = 38
a = -53; b = -96
a = -55; b = -92
a = 36; b = -42
a = 0; b = -91
a = 37; b = 61
a = -71; b = -27
a = 49; b = -94
a = -85; b = 2
a = -27; b = -11
a = 19; b = 89
a = 8; b = 91
a = 48; b = -75
a = -76; b = 27
a = 94; b = -46
a = -41; b = 74
a = 40; b = 14
a = -15; b = -57
a = -10; b = 68
a = 11; b = 27
a = -88; b = -63
a = -88; b = 40
a = -97; b = -15
a = 40; b = -94
a = -90; b = 11
a = -37; b = -94
a = -56; b = -70
a = 4; b = -60
a = 94; b = -91
a = 64; b = 72
a = 5; b = -67
a = -78; b = -81
a = -47; b = -27
a = -67; b = 16
a = -70; b = 96
a = -16; b = -80
a = -24; b = 51
a = 86; b = 97
a = 26; b = 67
a = 35; b = 2
a = -18; b = 26
a = 5; b = -85
a = -53; b = 85
a = 45; b = 95
a = -73; b = -23
a = -31; b = -94
a = -72; b = -42
a = -88; b = -22
a = 8; b = -91
a = 80; b = 68
a = 4; b = -87
a = -71; b = -97
a = -11; b = 60
a = -29; b = -79
a = -68; b = -74
a = -65; b = 95
a = -73; b = 14
a = -37; b = 85
a = 3; b = -97
a = -56; b = -93
a = -2; b = -58
a = -89; b = -29
a = 53; b = 31
a = -25; b = 0
a = 5; b = -18
a = 36; b = -78
a = 73; b = -34
a = 44; b = -2
a = -82; b = -10
a = -10; b = -16
a = 41; b = -3
a = 78; b = -45
a = 83; b = 60
a = 58; b = -24
a = -18; b = 67
a = -70; b = -42
a = -41; b = 73
a = -10; b = 31
a = -26; b = 30
a = -5; b = 61
a = 52; b = -64
a = -17; b = 32
a = -20; b = -81
a = 97; b = -4
a = -10; b = 12
a = -34; b = 92
a = -43; b = 16
a = -15; b = 88
a = -37; b = -16
a = 13; b = -27
a = -85; b = 6
a = -34; b = -6
a = -74; b = 86
a = 82; b = 15
a = -41; b = 17
a = 35; b = 44
a = -91; b = 61
a = 43; b = 63
a = 28; b = 5
a = -35; b = 49
a = -2; b = -46
a = -11; b = -19
a = -39; b = 73
a = -23; b = -38
a = -97; b = 55
a = -89; b = -5
a = 56; b = -18
a = 67; b = 24
a = 60; b = -51
a = 60; b = -95
a = 17; b = -84
a = -38; b = 0
a = -42; b = -88
a = -42; b = -30
a = -94; b = -98
a = -36; b = -18
a = -89; b = -84
a = -56; b = -72
a = 22; b = 80
a = 50; b = -40
a = 19; b = -97
a = -33; b = -99
a = 37; b = -73
a = 51; b = -87
a = 16; b = 37
a = -75; b = 60
a = 18; b = -7
a = 56; b = -32
a = -89; b = 80
a = 97; b = -69
a = 72; b = 52
a = 4; b = 8
a = 42; b = 3
a = -88; b = -26
a = 47; b = -80
a = 81; b = 5
a = 59; b = 29
a = 26; b = 71
a = 87; b = -82
a = -56; b = -43
a = -40; b = -17
a = 52; b = 8
a = 51; b = -5
a = -63; b = -91
a = 86; b = 82
a = 14; b = -3
a = 56; b = 5
a = 42; b = -70
a = -9; b = -32
a = 8; b = -2
a = -34; b = -94
a = -19; b = -46
a = 85; b = -98
a = -71; b = 49
a = 13; b = -24
a = -17; b = 97
a = -28; b = -34
a = 80; b = -93
a = 37; b = -72
a = 36; b = 26
a = -89; b = -29
a = 36; b = -38
a = -18; b = 53
a = 91; b = 25
a = -31; b = -85
a = 55; b = 8
a = 38; b = -56
a = -77; b = -10
a = -99; b = 2
a = 46; b = -56
a = 11; b = 93
a = 53; b = -37
a = 85; b = -3
a = 47; b = 54
a = -5; b = -27
a = 52; b = -94
a = 92; b = 17
a = -20; b = -55
a = -3; b = -85
a = -26; b = 61
a = 70; b = -37
a = 93; b = -31
a = 88; b = -23
a = -64; b = 60
a = 10; b = 61
a = 67; b = -54
a = 53; b = -18
a = 0; b = -47
a = 49; b = 61
a = 70; b = 60
a = 11; b = -82
a = 62; b = -70
a = 95; b = 43
a = -12; b = 90
a = 45; b = -18
a = -8; b = 29
a = -1; b = -32
a = 36; b = 95
a = -97; b = 4
a = -1; b = -6
a = 80; b = -61
a = -40; b = -49
a = 32; b = 46
a = 71; b = 29
a = -40; b = -7
a = 93; b = 94
a = -23; b = 10
a = 73; b = 45
a = 78; b = -33
a = 72; b = -75
a = 39; b = 47
a = 88; b = -67
a = -66; b = -75
a = -51; b = 27
a = -40; b = -75
a = 61; b = 42
a = -58; b = -36
a = 12; b = 66
a = 71; b = 60
a = 74; b = 0
a = 84; b = -79
a = -73; b = -11
a = 92; b = -5
a = 31; b = -73
a = 37; b = -42
a = -45; b = -83
a = -47; b = -96
a = -58; b = 97
a = 47; b = 47
a = 67; b = 37
a = -31; b = -69
a = -75; b = -25
a = -53; b = 66
a = -10; b = -66
a = -91; b = 25
a = 62; b = -26
a = 19; b = 92
a = -87; b = 70
a = 8; b = 44
a = -14; b = 25
a = -37; b = -40
a = 85; b = 15
a = 56; b = 41
a = 54; b = -13
a = -70; b = -73
a = -39; b = -7
a = -34; b = 62
a = -88; b = 28
a = 0; b = 12
a = 89; b = 82
a = -41; b = 0
a = 97; b = -45
a = 1; b = 78
a = 49; b = 33
a = 42; b = 3
a = 67; b = 28
a = -66; b = 72
a = -9; b = -97
a = -50; b = 1
a = 71; b = -88
a = 53; b = -76
a = 4; b = -73
a = 37; b = -38
a = 72; b = 54
a = 27; b = 26
a = -27; b = 46
a = -40; b = 21
a = -56; b = 96
a = 4; b = -65
a = 67; b = 8
a = 86; b = 58
a = 43; b = 62
a = 83; b = 0
a = 52; b = -59
a = 77; b = -99
a = -69; b = 0
a = 13; b = 31
a = -92; b = 48
a = -25; b = -37
a = 60; b = -90
a = 69; b = 43
a = -24; b = -37
a = -12; b = 88
a = 91; b = -95
a = -32; b = 46
a = -43; b = 17
a = 80; b = -18
a = 32; b = 38
a = 43; b = -59
a = -44; b = -88
a = -10; b = 52
a = 38; b = -45
a = 18; b = -28
a = 47; b = 1
a = 43; b = 49
a = 89; b = 92
a = -70; b = 91
a = 38; b = 30
a = 20; b = -39
a = 55; b = -54
a = 47; b = -60
a = -50; b = -29
a = -37; b = -78
a = 1; b = -28
a = -26; b = -47
a = 17; b = 68
a = 28; b = -52
a = 5; b = 44
a = 66; b = -1
a = 48; b = -87
a = -7; b = -5
a = 48; b = -60
a = -69; b = -47
a = 57; b = -85
a = 66; b = -43
a = 21; b = -6
a = 69; b = -75
a = -26; b = 5
a = -95; b = 20
a = -24; b = -69
a = 21; b = 41
a = 96; b = -95
a = 6; b = 91
a = 0; b = 18
a = 19; b = -85
a = 22; b = 10
a = 15; b = 8
a = 23; b = 9
a = 86; b = -88
a = 56; b = 72
a = -8; b = -65
a = -89; b = 10
a = -20; b = 90
a = 44; b = 12
a = -35; b = 46
a = -45; b = -80
a = 96; b = -85
a = 65; b = 89
a = -64; b = -99
a = 28; b = 5
a = 12; b = -14
a = 92; b = 19
a = 43; b = -90
a = -84; b = 7
a = 50; b = -59
a = -98; b = 62
a = 63; b = -4
a = 71; b = -85
a = -99; b = 49
a = -95; b = 79
a = 94; b = -50
a = 64; b = 52
a = 67; b = -65
a = 43; b = 91
a = 78; b = -37
a = 47; b = 13
a = -68; b = -32
a = -8; b = -50
a = -82; b = -27
a = -52; b = -97
a = -78; b = -82
a = 86; b = -2
a = -4; b = -32
a = 9; b = -89
a = -61; b = -81
a = 3; b = -95
a = -6; b = 69
a = -80; b = -44
a = -63; b = -15
a = 54; b = -31
a = 91; b = -52
a = 70; b = 91
a = 88; b = 28
a = 30; b = 69
a = -76; b = 91
a = 8; b = -99
a = -24; b = -81
a = -30; b = -34
a = 4; b = 78
a = 85; b = -4
a = -21; b = 72
a = -44; b = 37
a = -80; b = 91
a = -79; b = 73
a = -81; b = -90
a = 0; b = -23
a = 65; b = 46
a = 13; b = 39
a = 41; b = -6
a = 33; b = -52
a = -66; b = -48
a = -73; b = 89
a = -14; b = 70
a = 17; b = 61
a = -34; b = 13
a = -71; b = -30
a = -81; b = 74
a = -16; b = 3
a = 34; b = 9
a = 84; b = 24
a = -61; b = 94
a = -46; b = -31
a = 23; b = 41
a = 78; b = 83
a = -80; b = 0
a = -48; b = 44
a = -3; b = 90
a = 72; b = -55
a = 31; b = 17
a = -69; b = -67
a = 2; b = 73
a = -73; b = -52
a = -11; b = -78
a = -74; b = 23
a = 39; b = -57
a = -82; b = 47
a = -34; b = -17
a = 13; b = -12
a = 15; b = 97
a = 88; b = 73
a = -58; b = -52
a = 67; b = 38
a = -97; b = -92
a = 21; b = -55
a = -12; b = -19
a = 54; b = -48
a = -85; b = -28
a = -10; b = 77
a = -6; b = 10
a = -6; b = 70
a = 94; b = -9
a = 11; b = 53
a = 20; b = 39
a = -29; b = 36
a = -33; b = 26
a = -89; b = 30
a = -18; b = 32
a = -11; b = -6
a = 73; b = 90
a = 62; b = -44
a = -5; b = -21
a = 80; b = 3
a = 88; b = 53
a = 81; b = -53
a = 0; b = 29
a = -71; b = 96
a = 42; b = 12
a = 10; b = -78
a = -15; b = 27
a = -81; b = -67
a = 82; b = -31
a = 85; b = 39
a = 19; b = -55
a = -49; b = 65
a = 37; b = 46
a = -26; b = 53
a = 0; b = 3
a = -9; b = -89
a = 92; b = -76
a = -84; b = -5
a = 7; b = -44
a = 85; b = -55
a = 95; b = -34
a = 37; b = 51
a = 2; b = -43
a = 43; b = -81
a = 67; b = 34
a = 35; b = 76
a = -56; b = -33
a = -64; b = 50
a = -74; b = 80
a = 48; b = -68
a = 94; b = 30
a = 35; b = 35
a = 0; b = -41
a = -61; b = 86
a = -65; b = -11
a = -73; b = -65
a = 42; b = 86
a = -53; b = -19
a = -46; b = 67
a = 29; b = 63
a = -82; b = 1
a = -30; b = -32
a = -79; b = -21
a = -75; b = -23
a = 22; b = -93
a = -98; b = 1
a = -79; b = -94
a = 21; b = -94
a = -47; b = 37
a = 62; b = -75
a = 13; b = -71
a = -90; b = 52
a = 26; b = 5
a = -26; b = -19
a = -17; b = 1
a = -76; b = 20
a = 19; b = 44
a = 12; b = -88
a = 66; b = -13
a = -31; b = 50
a = -68; b = -30
a = -81; b = -44
a = -16; b = -71
a = 38; b = -42
a = -33; b = 48
a = -25; b = -47
a = 6; b = 94
a = -45; b = 68
a = 19; b = -40
a = 57; b = -20
a = 67; b = 40
a = 47; b = 57
a = -88; b = 15
a = 18; b = -11
a = 31; b = -39
a = -97; b = 62
a = 45; b = -85
a = 31; b = 19
a = 48; b = 29
a = -98; b = 0
a = 29; b = 59
a = 17; b = 68
a = 31; b = -61
a = 17; b = 12
a = 26; b = -98
a = 10; b = 8
a = -98; b = 35
a = -1; b = 13
a = 69; b = -15
a = 82; b = -26
a = 34; b = 0
a = 20; b = 53
a = -38; b = -97
a = 83; b = -31
a = 77; b = 56
a = 7; b = 78
a = 42; b = 94
a = -19; b = 93
a = -97; b = 12
a = 53; b = 26
a = -17; b = 84
a = 57; b = -72
a = -81; b = -81
a = 31; b = 17
a = 9; b = 9
a = 40; b = -83
a = -72; b = -3
a = 16; b = -27
a = 57; b = 60
a = -97; b = 73
a = 0; b = 83
a = -85; b = 90
a = -47; b = 32
a = 13; b = 67
a = 20; b = -22
a = -73; b = -39
a = 24; b = 82
a = 40; b = 5
a = -88; b = -47
a = 1; b = -85
a = 47; b = -86
a = -97; b = -10
a = -76; b = -25
a = 0; b = -65
a = -56; b = 28
a = 7; b = 81
a = 16; b = 42
a = 88; b = 29
a = -14; b = -24
a = 42; b = 54
a = 31; b = -42
a = 67; b = 87
a = -23; b = 64
a = -52; b = 21
a = -34; b = -85
a = -67; b = 79
a = 77; b = -35
a = 1; b = -37
a = 9; b = 90
a = -6; b = 37
a = 79; b = -92
a = -44; b = -17
a = 10; b = 27
a = -26; b = -29
a = -49; b = 68
a = -72; b = -73
a = -47; b = -40
a = 54; b = -45
a = 96; b = -24
a = -77; b = 62
a = 34; b = -96
a = -63; b = 9
a = 84; b = -89
a = 36; b = 37
a = -46; b = 41
a = -17; b = 19
a = -95; b = -49
a = -63; b = -48
a = 9; b = 2
a = -49; b = 9
a = 20; b = 87
a = -72; b = -9
a = -2; b = -35
a = -10; b = -87
a = -51; b = 46
a = 30; b = -33
a = -4; b = 38
a = -95; b = 30
a = 58; b = -41
a = 87; b = -51
a = -78; b = -48
a = 8; b = -84
a = -91; b = 50
a = 71; b = -32
a = 52; b = -5
a = 0; b = -37
a = -5; b = -82
a = 40; b = 24
a = 46; b = 22
a = 81; b = -61
a = -47; b = -69
a = -17; b = 25
a = -21; b = 70
a = -42; b = -14
a = 38; b = 83
a = 0; b = -86
a = -81; b = 80
a = -81; b = 24
a = 70; b = 70
a = -28; b = -1
a = -32; b = 72
a = -59; b = 18
a = 79; b = 69
a = 40; b = -97
a = 48; b = 11
a = -61; b = -46
a = -92; b = 76
a = -79; b = -60
a = -74; b = -57
a = 8; b = 12
a = 84; b = 39
a = -31; b = -45
a = 7; b = 58
a = -55; b = 8
a = 3; b = -62
a = 56; b = 1
a = -6; b = -26
a = 37; b = -54
a = -90; b = -94
a = -91; b = 15
a = -86; b = 10
a = 9; b = 2
a = 32; b = -96
a = 88; b = -36
a = 87; b = 19
a = -78; b = 78
a = -6; b = 26
a = -85; b = 72
a = 36; b = -65
a = -30; b = 47
a = 86; b = -94
a = 77; b = 20
a = -40; b = -27
a = -29; b = 42
a = 53; b = -48
a = -31; b = -95
a = 91; b = -86
a = 12; b = 16
a = 50; b = -46
a = 43; b = -67
a = 88; b = -16
a = 43; b = 47
a = 80; b = -59
a = -3; b = -2
a = -74; b = -95
a = 5; b = 40
a = 23; b = -77
a = -65; b = -50
a = 7; b = 53
a = -17; b = -25
a = -87; b = 79
a = 73; b = -30
a = -23; b = 39
a = -10; b = -4
a = 51; b = 36
a = 65; b = 24
a = -34; b = -4
a = 24; b = -73
a = 61; b = 40
a = -40; b = 63
a = -39; b = 46
a = -97; b = -86
a = 54; b = -3
a = 4; b = -45
a = -56; b = 21
a = 81; b = -45
a = -21; b = -73
a = 24; b = 56
a = 25; b = -69
a = -69; b = -48
a = -1; b = -2
a = -35; b = -85
a = -39; b = 88
a = 10; b = -66
a = 37; b = 0
a = 68; b = 10
a = -23; b = 23
a = -93; b = -84
a = -96; b = -82
a = 93; b = 52
a = 80; b = 40
a = 22; b = -15
a = -12; b = -93
a = 97; b = -89
a = 79; b = -59
a = 4; b = 68
a = 20; b = -5
a = -23; b = 44
a = -89; b = 23
a = -79; b = -84
a = -2; b = -90
a = -53; b = -57
a = 77; b = -83
a = 47; b = -13
a = 43; b = 57
a = -96; b = 51
a = -24; b = 66
a = -8; b = -31
a = 60; b = 54
a = 40; b = 94
a = 64; b = -74
a = 78; b = 76
a = 97; b = 26
a = -63; b = 28
a = -57; b = 27
a = 42; b = -20
a = 46; b = 71
a = -45; b = 46
a = 58; b = -26
a = -10; b = -20
a = 94; b = 90
a = -5; b = 6
a = -36; b = -5
a = 18; b = 75
a = -40; b = 83
a = 89; b = -31
a = -54; b = 2
a = -54; b = -38
a = 46; b = 23
a = 93; b = 36
a = -80; b = -69
a = -99; b = 3
a = 37; b = 59
a = 8; b = 30
a = 24; b = -16
a = 44; b = -9
a = -83; b = 32
a = -49; b = -48
a = -10; b = 32
a = -42; b = -99
a = -26; b = 20
a = 8; b = 65
a = -29; b = -78
a = -84; b = -78
a = 4; b = 95
a = 70; b = 63
a = -86; b = 17
a = -31; b = -20
a = -74; b = -18
a = -42; b = 22
a = 87; b = -26
a = -70; b = 59
a = -30; b = 25
a = -29; b = 22
a = 12; b = 45
a = 18; b = -29
a = -39; b = 79
a = 26; b = 0
a = -12; b = 4
a = -57; b = -56
a = 90; b = -23
a = -22; b = 38
a = 57; b = -10
a = -1; b = -68
a = -63; b = -14
a = -15; b = 39
a = -37; b = -59
a = -44; b = -68
a = 83; b = -83
a = -69; b = 0
a = 72; b = -37
a = -17; b = -19
a = 12; b = 26
a = -61; b = -23
a = 33; b = -88
a = 17; b = -94
a = 90; b = 15
a = -65; b = 26
a = -54; b = -37
a = -24; b = 25
a = 18; b = 73
a = 75; b = -28
a = -79; b = -53
a = -57; b = -52
a = -33; b = -96
a = 23; b = 49
a = 67; b = 57
a = -42; b = -75
a = -25; b = -71
a = -76; b = -76
a = -75; b = -1
a = -78; b = -58
a = 0; b = 19
a = 10; b = 0
a = -19; b = 50
a = 64; b = -94
a = 82; b = -64
a = -93; b = 75
a = -89; b = 24
a = -26; b = 69
a = -31; b = -93
a = 7; b = 49
a = -79; b = -77
a = 32; b = 11
a = 38; b = 71
a = -31; b = -64
a = 23; b = 7
a = -35; b = -25
a = 75; b = 44
a = -66; b = 26
a = -56; b = 72
a = 72; b = -99
a = -71; b = 23
a = -26; b = -96
a = -15; b = -61
a = 40; b = -48
a = -47; b = -98
a = 5; b = 84
a = -35; b = 46
a = 73; b = 15
a = 95; b = -49
a = -51; b = 66
a = -92; b = 92
a = 63; b = 59
a = 66; b = 83
a = 31; b = -20
a = 73; b = -6
a = -40; b = 58
a = -55; b = -18
a = -62; b = 56
a = 83; b = -58
a = -51; b = 83
a = 27; b = -90
a = -2; b = 64
a = 20; b = -2
a = 56; b = 25
a = 56; b = -65
a = 0; b = -64
a = 66; b = 90
a = 29; b = 72
a = 25; b = 68
a = -3; b = -68
a = 15; b = -38
a = 4; b = 61
a = -72; b = 2
a = -84; b = 61
a = 88; b = 78
a = 87; b = 56
a = 43; b = -72
a = 18; b = 48
a = 54; b = 2
a = 61; b = 47
a = 29; b = 40
a = -63; b = -73
a = -72; b = -28
a = -9; b = -11
a = -36; b = -28
a = 90; b = -39
a = -12; b = 30
a = 92; b = 65
a = -62; b = -30
a = 38; b = -99
a = -92; b = -75
a = 71; b = -40
a = 80; b = -4
a = -75; b = -6
a = 27; b = -84
a = -19; b = -89
a = 44; b = 53
a = 6; b = 73
a = 53; b = 23
a = -88; b = 32
a = 54; b = 54
a = 70; b = -99
a = 49; b = -11
a = -66; b = 87
a = -59; b = -64
a = -96; b = -30
a = 80; b = -55
a = -72; b = 29
a = -92; b = -25
a = -52; b = -7
a = 89; b = 55
a = 9; b = 97
a = -53; b = 92
a = -92; b = 71
a = -11; b = 74
a = 2; b = -49
a = 50; b = -15
a = 37; b = -63
a = -79; b = 7
a = -15; b = 51
a = 36; b = 36
a = -55; b = 44
a = -92; b = -71
a = -3; b = 24
a = 47; b = 39
a = 15; b = -31
a = 7; b = 72
a = 57; b = 37
a = -2; b = -86
a = -60; b = -8
a = 59; b = -26
a = 61; b = -10
a = 93; b = -8
a = -32; b = 64
a = -90; b = -58
a = -3; b = -41
a = 39; b = -27
a = -38; b = -93
a = -1; b = 86
a = 45; b = -19
a = 2; b = 4
a = -4; b = -77
a = -95; b = -46
a = 97; b = -71
a = -46; b = -51
a = 68; b = -10
a = 2; b = 75
a = 85; b = 77
a = -37; b = 46
a = 85; b = -4
a = -28; b = 29
a = 71; b = 27
a = 75; b = -61
a = -30; b = -51
a = -66; b = -1
a = 55; b = -33
a = -24; b = 10
a = 30; b = 10
a = -27; b = -75
a = -67; b = 0
a = -57; b = -73
a = 31; b = -69
a = -89; b = -80
a = -27; b = -77
a = -18; b = -21
a = -31; b = 60
a = -54; b = 47
a = -43; b = 14
a = 18; b = 48
a = 18; b = 58
a = -2; b = 5
a = 15; b = 42
a = 54; b = 22
a = -78; b = -96
a = -97; b = -30
a = 63; b = 14
a = 96; b = 84
a = 62; b = 23
a = 20; b = 5
a = -35; b = 2
a = 12; b = 95
a = 37; b = 9
a = 23; b = 32
a = 36; b = 39
a = 12; b = 61
a = -39; b = -11
a = -70; b = -12
a = -54; b = -5
a = 81; b = 9
a = 27; b = 50
a = -8; b = -30
a = 16; b = -96
a = -66; b = -55
a = 40; b = 59
a = 55; b = -10
a = -37; b = 25
a = 40; b = 53
a = -6; b = 0
a = -26; b = 44
a = 74; b = -53
a = -52; b = 94
a = 10; b = 20
a = 72; b = -89
a = -41; b = 54
a = -30; b = 17
a = 14; b = -19
a = -50; b = 91
a = 5; b = 19
a = -64; b = 87
a = -8; b = -67
a = 63; b = -61
a = 28; b = -66
a = 69; b = 2
a = 31; b = -52
a = 43; b = 31
a = -67; b = 7
a = -53; b = 70
a = 3; b = 30
a = 82; b = -89
a = -57; b = -35
a = 76; b = 15
a = -20; b = -88
a = -76; b = 87
a = -95; b = 73
a = -12; b = -56
a = 79; b = 11
a = 31; b = -31
a = 83; b = -28
a = 16; b = 51
a = -6; b = 35
a = -69; b = -48
a = -73; b = -28
a = 1; b = 55
a = 37; b = 58
a = -87; b = -37
a = 82; b = 44
a = 84; b = -35
a = 6; b = -50
a = 28; b = 53
a = -93; b = 37
a = 17; b = 69
a = 23; b = 91
a = -52; b = -5
a = -86; b = -27
a = -83; b = 52
a = 75; b = 39
a = -61; b = 67
a = -21; b = -97
a = -67; b = -7
a = 1; b = -63
a = -70; b = 68
a = 41; b = -86
a = 8; b = -40
a = -10; b = -81
a = -18; b = -59
a = -60; b = -77
a = -60; b = 60
a = -89; b = 58
a = -32; b = 85
a = 38; b = -97
a = -97; b = -55
a = -3; b = -13
a = 24; b = 11
a = 81; b = -11
a = -91; b = -1
a = 19; b = 2
a = -35; b = -16
a = 0; b = -8
a = 78; b = 90
a = 49; b = 24
a = -93; b = 42
a = -59; b = 58
a = -7; b = -41
a = 85; b = -79
a = 23; b = 94
a = 13; b = -63
a = 54; b = -78
a = 22; b = 32
a = 12; b = 5
a = -76; b = -11
a = 39; b = -73
a = 51; b = 20
a = 37; b = 3
a = 7; b = 18
a = -87; b = -83
a = 90; b = 49
a = -99; b = -40
a = -96; b = 35
a = 63; b = 31
a = 62; b = 33
a = -27; b = -41
a = -14; b = 89
a = 17; b = -59
a = 75; b = 82
a = -25; b = 95
a = -86; b = -59
a = -75; b = -82
a = -32; b = 16
a = -41; b = 5
a = -77; b = 78
a = -34; b = -43
a = 89; b = 57
a = 82; b = -81
a = -92; b = 76
a = -42; b = -62
a = 95; b = -74
a = 58; b = -20
a = 84; b = 60
a = -7; b = -57
a = -68; b = -88
a = 11; b = 38
a = -43; b = 5
a = -61; b = -93
a = -87; b = -72
a = -16; b = 42
a = 76; b = 44
a = -60; b = 0
a = 19; b = 91
a = 23; b = -51
a = 31; b = -92
a = -82; b = 10
a = 33; b = 82
a = -98; b = 76
a = 1; b = -1
a = 66; b = -11
a = -86; b = 20
a = 86; b = -16
a = -81; b = -41
a = 72; b = -95
a = -28; b = 11
a = -12; b = 87
a = 37; b = -88
a = -77; b = -40
a = -17; b = 21
a = -71; b = 53
a = -13; b = 97
a = -35; b = -36
a = -14; b = -46
a = -98; b = -99
a = -8; b = -34
a = -2; b = -60
a = 72; b = 21
a = -63; b = -21
a = 37; b = 97
a = 34; b = 41
a = -19; b = 80
a = -75; b = 50
a = 15; b = 54
a = -15; b = 56
a = -91; b = -51
a = -53; b = -42
a = 36; b = 54
a = 7; b = 59
a = 48; b = 42
a = 63; b = -52
a = 27; b = -51
a = 94; b = 88
a = 17; b = -46
a = 58; b = 63
a = 17; b = 93
a = -57; b = -24
a = 56; b = -11
a = 49; b = -10
a = -34; b = 80
a = -95; b = 54
a = 15; b = -8
a = -41; b = -17
a = 80; b = 88
a = -39; b = -3
a = -79; b = 87
a = -25; b = 10
a = -6; b = -23
a = -46; b = -47
a = 20; b = 69
a = -71; b = 39
a = -89; b = -30
a = 81; b = 48
a = 96; b = 63
a = -81; b = -59
a = 45; b = 22
a = 83; b = -57
a = 6; b = 45
a = -81; b = -26
a = -24; b = 84
a = 91; b = -32
a = -91; b = 48
a = 25; b = -21
a = -65; b = -9
a = -47; b = 40
a = 79; b = 7
a = -90; b = -17
a = -17; b = 59
a = -7; b = -9
a = 53; b = -32
a = 81; b = -66
a = 78; b = -35
a = -8; b = 13
a = 60; b = 66
a = 17; b = -37
a = -80; b = -30
a = -85; b = -60
a = 6; b = -5
a = -7; b = -43
a = -51; b = 16
a = 67; b = 92
a = -87; b = 69
a = 54; b = -14
a = -84; b = -69
a = 16; b = -81
a = 86; b = -74
a = -47; b = 9
a = -23; b = -35
a = -36; b = -58
a = 25; b = 29
a = 73; b = -96
a = -82; b = 62
a = 31; b = -32
a = 39; b = -33
a = -50; b = -8
a = -46; b = 64
a = -6; b = 48
a = -6; b = 57
a = -41; b = -49
a = -69; b = -42
a = 21; b = -82
a = -41; b = 88
a = -31; b = -81
a = -5; b = 21
a = -84; b = -82
a = -58; b = 55
a = -28; b = -47
a = -23; b = 49
a = 5; b = -63
a = -95; b = 14
a = -52; b = -90
a = 50; b = -81
a = -80; b = -89
a = -31; b = -54
a = -45; b = 50
a = -50; b = -24
a = 27; b = -1
a = -8; b = 53
a = 96; b = -43
a = 85; b = -33
a = -80; b = -7
a = 1; b = -70
a = 55; b = -24
a = -48; b = 50
a = -28; b = 17
a = -75; b = 90
a = 27; b = 1
a = -64; b = -1
a = -6; b = -57
a = 26; b = -16
a = -51; b = -81
a = 81; b = -94
a = 33; b = 22
a = 84; b = 54
a = -58; b = 6
a = 60; b = 24
a = 53; b = 31
a = 97; b = -3
a = -51; b = 54
a = 40; b = 7
a = 39; b = -38
a = 53; b = -13
a = -31; b = 41
a = -18; b = -36
a = 49; b = 88
a = 52; b = -84
a = 3; b = 48
a = -90; b = -75
a = -63; b = 74
a = 74; b = 11
a = 96; b = 47
a = 55; b = -29
a = -11; b = 11
a = 17; b = -30
a = 2; b = -86
a = -60; b = 70
a = 17; b = -69
a = -89; b = 33
a = -24; b = -25
a = 47; b = 63
a = 13; b = -52
a = 53; b = -94
a = 67; b = 3
a = -73; b = 11
a = -61; b = -30
a = -15; b = -84
a = 85; b = 93
a = -48; b = -66
a = -4; b = -19
a = -99; b = 8
a = 45; b = 58
a = -17; b = 39
a = 57; b = -22
a = 34; b = 24
a = -45; b = 61
a = -83; b = 59
a = -94; b = 55
a = -1; b = -76
a = 49; b = 22
a = 29; b = -35
a = -55; b = -17
a = 32; b = -87
a = -46; b = -38
a = 66; b = 73
a = -87; b = 3
a = -15; b = 9
a = 41; b = -84
a = 72; b = 0
a = -90; b = -66
a = 78; b = 7
a = 23; b = 14
a = 5; b = 78
a = 92; b = -1
a = 51; b = -65
a = 97; b = 8
a = 78; b = 63
a = 63; b = -52
a = 13; b = -35
a = -49; b = -99
a = -15; b = -57
a = -19; b = 43
a = 6; b = -67
a = 41; b = 50
a = -10; b = 53
a = -16; b = 88
a = -20; b = 0
a = 71; b = 45
a = -89; b = -59
a = -7; b = 18
a = 45; b = -89
a = -60; b = -65
a = -94; b = -59
a = 25; b = 81
a = 86; b = 50
a = 60; b = -95
a = 26; b = 16
a = 87; b = -75
a = -41; b = -39
a = 74; b = -39
a = 18; b = 5
a = -71; b = -2
a = 4; b = -45
a = -79; b = -93
a = -99; b = 90
a = 33; b = -43
a = -36; b = 43
a = -61; b = 15
a = -73; b = -35
a = 18; b = -13
a = -93; b = 49
a = 31; b = -61
a = -80; b = 79
a = -89; b = 54
a = 42; b = -72
a = -51; b = -24
a = -63; b = -64
a = 31; b = -54
a = -14; b = -81
a = 12; b = 73
a = 89; b = 0
a = 91; b = 73
a = 79; b = -87
a = 97; b = -68
a = 36; b = 58
a = 94; b = -83
a = 45; b = -16
a = -75; b = 91
a = -40; b = -92
a = -97; b = -64
a = 93; b = 33
a = -54; b = -35
a = 69; b = 79
a = 72; b = -59
a = 15; b = -82
a = -42; b = 12
a = 92; b = 51
a = 37; b = -53
a = -97; b = 51
a = -63; b = -95
a = 38; b = 47
a = -55; b = 96
a = -11; b = 33
a = 90; b = 82
a = -9; b = -1
a = -90; b = -34
a = 28; b = 32
a = -98; b = 6
a = -42; b = 1
a = -96; b = 37
a = 76; b = 4
a = -10; b = -57
a = -48; b = 47
a = 9; b = -17
a = 80; b = -68
a = -28; b = 69
a = 88; b = -83
a = -16; b = -43
a = 14; b = -70
a = 8; b = 29
a = 44; b = -89
a = -92; b = 75
a = 21; b = 27
a = -99; b = 89
a = -71; b = -67
a = 74; b = -81
a = -39; b = -59
a = -22; b = -34
a = -85; b = 39
a = 70; b = 46
a = 87; b = 91
a = 0; b = -9
a = 82; b = 10
a = 29; b = -37
a = 8; b = -14
a = -15; b = 34
a = 70; b = -33
a = -16; b = -79
a = 76; b = -34
a = 74; b = 73
a = 45; b = -16
a = 47; b = 4
a = -54; b = -45
a = 73; b = 88
a = 51; b = -44
a = 1; b = 44
a = 70; b = -89
a = 94; b = 22
a = 46; b = 55
a = -13; b = 11
a = -85; b = 8
a = 86; b = 71
a = -49; b = -12
a = -80; b = 20
a = 56; b = 53
a = 42; b = -60
a = 31; b = -15
a = -88; b = -50
a = 3; b = 26
a = 94; b = -96
a = 17; b = 53
a = 46; b = 32
a = 62; b = 89
a = 59; b = -37
a = 56; b = 9
a = -42; b = 1
a = -21; b = 6
a = 40; b = 31
a = -2; b = 70
a = -11; b = -18
a = -74; b = 4
a = -46; b = 8
a = -86; b = -98
a = -43; b = -76
a = -82; b = 54
a = 85; b = 71
a = -74; b = -95
a = 81; b = -3
a = 52; b = -28
a = 48; b = -7
a = -75; b = 51
a = -25; b = 46
a = 34; b = -33
a = 14; b = 75
a = 84; b = 46
a = -35; b = 6
a = -40; b = -77
a = 38; b = -82
a = 41; b = 59
a = 13; b = 91
a = 56; b = 24
a = 13; b = -54
a = -45; b = 91
a = 51; b = -54
a = 27; b = -84
a = -92; b = -97
a = -62; b = 50
a = -56; b = -8
a = 26; b = 89
a = -26; b = -86
a = 95; b = 80
a = -13; b = -47
a = 42; b = -32
a = 11; b = 52
a = -19; b = -58
a = -30; b = 88
a = 74; b = -97
a = 72; b = 34
a = 64; b = 29
a = -95; b = -25
a = 43; b = -20
a = -59; b = -28
a = 19; b = 85
a = -14; b = 22
a = -61; b = -68
a = -68; b = -6
a = -26; b = 18
a = -68; b = 33
a = 88; b = 55
a = -47; b = -34
a = 88; b = 83
a = 62; b = 40
a = 46; b = -3
a = 11; b = 62
a = 28; b = 43
a = 65; b = -8
a = 2; b = -61
a = 20; b = 43
a = -81; b = 27
a = 52; b = -95
a = -7; b = 74
a = 12; b = -70
a = 35; b = -59
a = -52; b = 76
a = 41; b = 17
a = -64; b = 95
a = -75; b = 11
a = -89; b = 82
a = -17; b = -71
a = 91; b = -77
a = 80; b = 17
a = -40; b = -38
a = 14; b = -51
a = -56; b = -43
a = 28; b = 95
a = -55; b = -56
a = 13; b = 29
a = 76; b = 5
a = -4; b = -66
a = -51; b = 94
a = -6; b = -33
a = -65; b = 91
a = -75; b = -76
a = -55; b = -47
a = -94; b = 61
a = -13; b = -33
a = 13; b = 11
a = -15; b = -52
a = 95; b = -91
a = 19; b = 21
a = 57; b = 36
a = 85; b = -75
a = 62; b = 64
a = 96; b = 13
a = 85; b = 80
a = -35; b = -43
a = 80; b = 55
a = 88; b = -32
a = -17; b = 97
a = -62; b = 46
a = -72; b = 74
a = -31; b = 51
a = 93; b = 8
a = 7; b = 54
a = 17; b = -25
a = -53; b = 32
a = 88; b = -83
a = 14; b = 73
a = -93; b = 15
a = -6; b = -53
a = 46; b = 46
a = 45; b = -10
a = -78; b = 59
a = 81; b = 24
a = -62; b = -56
a = 38; b = 36
a = -51; b = 2
a = 91; b = 27
a = -48; b = -83
a = 35; b = 65
a = 67; b = -39
a = 36; b = -93
a = -64; b = -18
a = -8; b = -96
a = 59; b = -4
a = -83; b = 27
a = -29; b = 74
a = -63; b = 89
a = -55; b = -10
a = 89; b = 38
a = -78; b = -2
a = 64; b = 45
a = 75; b = -7
a = 90; b = -12
a = -66; b = 5
a = -47; b = -25
a = -8; b = -90
a = 47; b = 61
a = -32; b = -10
a = -95; b = -54
a = 32; b = 66
a = 19; b = 49
a = 52; b = -94
a = -86; b = 20
a = -8; b = 74
a = 92; b = -29
a = -32; b = -43
a = -19; b = 95
a = 57; b = -73
a = -93; b = 60
a = 88; b = -92
a = 53; b = 44
a = 65; b = 47
a = 11; b = 21
a = -52; b = -5
a = -61; b = 33
a = -86; b = 61
a = 33; b = 3
a = -38; b = -87
a = -55; b = 7
a = 48; b = -96
a = -5; b = 82
a = -18; b = -33
a = 1; b = 50
a = -5; b = 65
a = 23; b = 92
a = 23; b = -31
a = -25; b = -92
a = 82; b = 80
a = -10; b = -76
a = -18; b = -68
a = -53; b = -96
a = -48; b = 88
a = -5; b = -10
a = 51; b = 14
a = 93; b = 28
a = -43; b = 18
a = -2; b = 41
a = -87; b = 15
a = 69; b = -98
a = 71; b = 84
a = 2; b = 13
a = 51; b = -47
a = -9; b = -12
a = 0; b = 83
a = 46; b = 59
a = 24; b = -70
a = -43; b = 50
a = 53; b = -16
a = -45; b = -2
a = 23; b = 70
a = 45; b = -24
a = 10; b = -83
a = 74; b = -55
a = 18; b = 56
a = 35; b = 18
a = -56; b = -49
a = 61; b = 21
a = 60; b = 87
a = -43; b = 17
a = 82; b = 77
a = 23; b = 37
a = 21; b = 5
a = -96; b = 96
a = -94; b = -42
a = -70; b = 54
a = -74; b = 46
a = 22; b = 2
a = -90; b = 27
a = -35; b = 59
a = 25; b = -53
a = -97; b = -4
a = -94; b = -6
a = -36; b = -97
a = -76; b = 20
a = -98; b = 62
a = 97; b = 86
a = -91; b = 12
a = 62; b = 0
a = -86; b = 40
a = -44; b = -90
a = -58; b = 22
a = -96; b = -60
a = -62; b = 19
a = 77; b = -88
a = -21; b = -76
a = 22; b = 30
a = -19; b = -94
a = 33; b = -24
a = -68; b = -87
a = -62; b = -11
a = -11; b = 87
a = 77; b = -90
a = 1; b = -76
a = -80; b = 6
a = -50; b = 13
a = -92; b = 0
a = -37; b = 41
a = -45; b = 24
a = -41; b = 6
a = -26; b = -34
a = -45; b = -74
a = -4; b = -54
a = 53; b = -91
a = -71; b = -93
a = 1; b = 91
a = -38; b = 27
a = 2; b = -32
a = 37; b = 30
a = 45; b = -79
a = -24; b = -20
a = 36; b = -97
a = 89; b = -78
a = -31; b = 45
a = 62; b = 22
a = -81; b = 51
a = -18; b = -19
a = -89; b = 48
a = -90; b = -89
a = 0; b = -89
a = 46; b = 94
a = -50; b = 60
a = 23; b = 63
a = 46; b = 16
a = -90; b = -23
a = -43; b = -76
a = -26; b = -61
a = -99; b = -30
a = 0; b = -70
a = -67; b = -49
a = -21; b = 53
a = 5; b = 71
a = -39; b = 93
a = 83; b = 26
a = 8; b = -2
a = -89; b = -41
a = 44; b = 49
a = -39; b = -94
a = -42; b = 18
a = 87; b = 18
a = 56; b = -17
a = -74; b = -22
a = -31; b = -95
a = -34; b = -68
a = 58; b = -91
a = -13; b = 62
a = -21; b = 76
a = -41; b = 79
a = 14; b = -78
a = -40; b = -76
a = 83; b = -2
a = -71; b = 62
a = -13; b = -95
a = -96; b = 0
a = -22; b = -29
a = -26; b = 44
a = 82; b = 10
a = 47; b = 0
a = 13; b = -86
a = -56; b = 69
a = -73; b = -87
a = 18; b = 15
a = -62; b = 26
a = -57; b = -9
a = 93; b = -21
a = -37; b = 63
a = -84; b = 41
a = -59; b = -66
a = -61; b = -14
a = 57; b = 50
a = 6; b = 10
a = 39; b = 2
a = -73; b = 52
a = -50; b = 6
a = 37; b = 13
a = -20; b = 34
a = -93; b = 20
a = 51; b = 36
a = -84; b = 77
a = -68; b = 0
a = 95; b = -8
a = -76; b = -97
a = 80; b = -22
a = -67; b = -74
a = 93; b = -58
a = 4; b = -57
a = -62; b = -77
a = 64; b = -22
a = 96; b = -75
a = 22; b = 38
a = -19; b = 0
a = -51; b = 13
a = 51; b = 56
a = -93; b = -35
a = -59; b = 62
a = -41; b = -38
a = -94; b = -92
a = 35; b = -11
a = 3; b = -21
a = 73; b = -32
a = -57; b = 41
a = 46; b = 68
a = 22; b = 82
a = 44; b = -12
a = 62; b = 55
a = -93; b = 94
a = -71; b = 65
a = 84; b = -94
a = -88; b = -27
a = -67; b = -97
a = -12; b = -37
a = -50; b = 57
a = 79; b = -24
a = 35; b = 85
a = 27; b = 65
a = 78; b = 95
a = 94; b = -67
a = -52; b = 90
a = 62; b = 19
a = 1; b = 75
a = -17; b = 48
a = -34; b = -91
a = 81; b = -76
a = 42; b = -82
a = 18; b = 70
a = 69; b = 53
a = -99; b = -47
a = 88; b = 87
a = -25; b = -85
a = 69; b = -18
a = -15; b = -23
a = 44; b = 76
a = 29; b = 66
a = -90; b = -82
a = -63; b = 57
a = -6; b = -65
a = -49; b = -33
a = -88; b = 86
a = -80; b = -19
a = -6; b = -28
a = -80; b = -37
a = 51; b = -38
a = -7; b = -41
a = -39; b = -50
a = 0; b = -39
a = 25; b = 20
a = 87; b = 17
a = 42; b = 95
a = 22; b = -7
a = -36; b = -45
a = 31; b = 84
a = 45; b = 20
a = 69; b = -93
a = -85; b = -61
a = -42; b = 54
a = 94; b = -14
a = -78; b = 40
a = 93; b = -77
a = -3; b = 35
a = -14; b = 40
a = -66; b = 87
a = -39; b = 48
a = -74; b = -93
a = 58; b = -27
a = 15; b = 93
a = 85; b = 76
a = 9; b = -66
a = 79; b = -55
a = -28; b = 18
a = -26; b = -80
a = -49; b = 78
a = 32; b = 46
a = 9; b = 57
a = -35; b = -40
a = 73; b = 72
a = -10; b = -92
a = -72; b = 53
a = -68; b = 89
a = 92; b = -32
a = 50; b = 1
a = 77; b = -23
a = -74; b = -63
a = -58; b = -7
a = -98; b = -77
a = 2; b = -36
a = -77; b = -7
a = 39; b = -70
a = -39; b = 0
a = 10; b = -59
a = -84; b = 65
a = -84; b = -24
a = -87; b = 64
a = 24; b = -64
a = -94; b = 89
a = -62; b = 51
a = 93; b = -44
a = -94; b = 56
a = 26; b = -29
a = 24; b = -80
a = -51; b = -58
a = -27; b = 63
a = -49; b = 66
a = 41; b = 73
a = -86; b = 85
a = 81; b = -85
a = -90; b = 65
a = -99; b = 48
a = 58; b = 76
a = -33; b = 2
a = 9; b = -61
a = 40; b = 67
a = -88; b = 0
a = 1; b = 30
a = -30; b = -40
a = 58; b = 11
a = -6; b = -76
a = -21; b = 43
a = -88; b = -88
a = 49; b = -28
a = 0; b = -65
a = -73; b = 51
a = 9; b = 90
a = 64; b = 65
a = 58; b = 82
a = -19; b = 39
a = -28; b = 82
a = 75; b = -84
a = 35; b = -19
a = -53; b = 6
a = -22; b = -45
a = -75; b = -66
a = 27; b = -68
a = 5; b = 1
a = -54; b = 7
a = -24; b = 38
a = -54; b = 67
a = -40; b = 73
a = 20; b = -20
a = -15; b = 16
a = -33; b = 78
a = 34; b = 26
a = 17; b = -50
a = 90; b = -87
a = -3; b = 57
a = -86; b = -72
a = -24; b = 33
a = -23; b = -7
a = 61; b = 23
a = 32; b = 37
a = -42; b = 19
a = 4; b = -81
a = -87; b = -94
a = -68; b = -54
a = -54; b = -7
a = -26; b = 64
a = -60; b = -59
a = -96; b = -62
a = -53; b = 95
a = -38; b = 9
a = 8; b = 7
a = 62; b = -5
a = -35; b = -61
a = -75; b = -51
a = -56; b = -27
a = 12; b = 88
a = 24; b = -60
a = -64; b = -47
a = -35; b = -29
a = 65; b = -80
a = -29; b = -89
a = 10; b = 27
a = -64; b = 56
a = -30; b = -57
a = -11; b = -59
a = -93; b = -60
a = 63; b = 79
a = -41; b = 85
a = 17; b = 43
a = 24; b = 92
a = -25; b = 0
a = 87; b = -24
a = -21; b = 76
a = -92; b = 47
a = 13; b = 36
a = 47; b = -86
a = 84; b = 54
a = -35; b = -74
a = -11; b = 55
a = 10; b = 53
a = -68; b = -78
a = 77; b = 48
a = 57; b = 64
a = -29; b = 15
a = 28; b = 65
a = 45; b = 26
a = -40; b = -37
a = 9; b = -98
a = 47; b = 53
a = -84; b = 92
a = -59; b = 64
a = -48; b = -95
a = -8; b = -62
a = -19; b = -87
a = 62; b = -17
a = 58; b = 40
a = 36; b = -34
a = 49; b = -15
a = 34; b = -10
a = -22; b = 95
a = 35; b = -69
a = 88; b = -30
a = 3; b = 88
a = 61; b = -75
a = -25; b = -93
a = 83; b = -63
a = 69; b = -13
a = 95; b = -24
a = -77; b = 96
a = 21; b = 95
a = 86; b = -54
a = -88; b = 36
a = 40; b = -30
a = 48; b = 21
a = 30; b = 30
a = 24; b = -32
a = 70; b = 67
a = -28; b = -51
a = 23; b = 19
a = 91; b = 44
a = -24; b = -95
a = -17; b = -36
a = -26; b = -61
a = 25; b = 2
a = 80; b = 22
a = -96; b = -66
a = -10; b = 42
a = 44; b = -35
a = -28; b = 11
a = 41; b = 4
a = 27; b = 49
a = -49; b = -89
a = -87; b = 65
a = 81; b = 12
a = 52; b = -42
a = 12; b = -80
a = -53; b = 82
a = -78; b = -18
a = -58; b = -55
a = 95; b = 64
a = -50; b = 2
a = 70; b = -26
a = -94; b = -44
a = -48; b = -70
a = 39; b = 31
a = -19; b = -43
a = 74; b = -52
a = 2; b = -67
a = -85; b = 20
a = 56; b = -92
a = -31; b = 5
a = -56; b = 15
a = -81; b = -11
a = 26; b = -34
a = -10; b = 57
a = -35; b = 93
a = 59; b = 58
a = -3; b = -95
a = -70; b = -4
a = 30; b = 5
a = -4; b = -34
a = -88; b = -36
a = 67; b = 43
a = 79; b = -68
a = -77; b = -88
a = -34; b = -32
a = 48; b = 0
a = -46; b = -94
a = -68; b = 52
a = -14; b = 8
a = 57; b = -70
a = -31; b = 82
a = -84; b = -26
a = 52; b = 89
a = 77; b = -30
a = -32; b = 0
a = 73; b = -92
a = -46; b = -18
a = -42; b = 48
a = 51; b = 67
a = -8; b = 53
a = 48; b = 55
a = -52; b = 30
a = 92; b = -30
a = 4; b = -63
a = 55; b = 61
a = 0; b = 47
a = 18; b = -93
a = -45; b = -81
a = 41; b = -3
a = 60; b = 21
a = 71; b = 88
a = -79; b = -18
a = 22; b = -96
a = -76; b = -62
a = -33; b = -43
a = -32; b = 81
a = -27; b = 1
a = 45; b = -80
a = 36; b = -5
a = -32; b = 1
a = -83; b = -59
a = 22; b = 84
a = 41; b = 84
a = -17; b = -14
a = -75; b = -47
a = -77; b = 75
a = -73; b = -20
a = -62; b = -57
a = 7; b = -97
a = -69; b = 24
a = -29; b = -53
a = -53; b = 64
a = -44; b = -30
a = 1; b = -97
a = -77; b = 36
a = -99; b = 53
a = 13; b = 10
a = 15; b = 97
a = 62; b = 96
a = 8; b = -12
a = 70; b = -33
a = -64; b = -49
a = 63; b = -35
a = 8; b = -11
a = 7; b = 87
a = -78; b = 54
a = 89; b = 50
a = 58; b = 1
a = -97; b = 77
a = -51; b = 45
a = 0; b = -87
a = 61; b = 5
a = -36; b = -90
a = -77; b = 55
a = -76; b = -87
a = 29; b = 52
a = 35; b = -80
a = -12; b = -15
a = 49; b = 51
a = 92; b = -64
a = -72; b = -11
a = -93; b = -58
a = -73; b = -17
a = -36; b = -69
a = 56; b = 30
a = 34; b = -78
a = -29; b = -77
a = 26; b = -35
a = -23; b = 23
a = -26; b = 12
a = -22; b = -93
a = -50; b = 21
a = 94; b = -30
a = -70; b = 31
a = 76; b = 68
a = -66; b = -84
a = 64; b = 90
a = 46; b = 22
a = 97; b = 58
a = -65; b = -80
a = 50; b = -73
a = 60; b = 84
a = -80; b = 87
a = 90; b = 59
a = -39; b = 0
a = 67; b = -8
a = -15; b = -58
a = 61; b = 91
a = 60; b = 61
a = 74; b = 67
a = -21; b = 30
a = -15; b = 5
a = -30; b = 58
a = 15; b = -71
a = 4; b = 37
a = 31; b = -9
a = -30; b = 44
a = 41; b = 1
a = 81; b = -51
a = -52; b = 51
a = 66; b = 22
a = -77; b = 47
a = -39; b = -98
a = -76; b = -10
a = 58; b = -30
a = -50; b = 91
a = 6; b = -4
a = -12; b = 45
a = -27; b = -64
a = -33; b = -17
a = -36; b = 58
a = -61; b = 13
a = 40; b = -30
a = 56; b = 3
a = 10; b = -73
a = 0; b = -22
a = -29; b = 0
a = 73; b = 3
a = -29; b = -48
a = 96; b = 12
a = 23; b = 55
a = 97; b = 89
a = -61; b = 83
a = -66; b = 77
a = -32; b = 2
a = 48; b = -58
a = 53; b = -83
a = 3; b = -72
a = 95; b = 4
a = 47; b = -36
a = 78; b = -75
a = -19; b = -12
a = -66; b = 27
a = -43; b = -27
a = -36; b = 41
a = -73; b = -56
a = 30; b = -92
a = 20; b = -58
a = 83; b = -34
a = 4; b = -76
a = -24; b = 46
a = -32; b = -53
a = -60; b = 40
a = -55; b = 69
a = -93; b = -57
a = 76; b = -3
a = -23; b = -79
a = -67; b = 57
a = 80; b = -41
a = -76; b = 49
a = 52; b = -10
a = 0; b = -72
a = -61; b = 41
a = -86; b = 92
a = -16; b = -3
a = -47; b = 30
a = 80; b = 21
a = 10; b = -29
a = -4; b = 78
a = -11; b = -15
a = -97; b = 72
a = 26; b = -45
a = 72; b = 49
a = -88; b = 35
a = 35; b = 11
a = 6; b = -61
a = -45; b = -61
a = 2; b = 89
a = -70; b = -86
a = -36; b = 25
a = -48; b = 10
a = -47; b = 16
a = -86; b = 66
a = 47; b = 27
a = -83; b = -83
a = 74; b = -28
a = 15; b = 43
a = -40; b = -50
a = -29; b = -24
a = -70; b = -76
a = -47; b = -60
a = 51; b = 92
a = 75; b = 56
a = 43; b = -88
a = -69; b = -27
a = 46; b = -2
a = -14; b = 91
a = -83; b = -12
a = -66; b = -7
a = -47; b = 82
a = -48; b = 76
a = -84; b = 74
a = -30; b = 88
a = 68; b = 56
a = -90; b = -12
a = -88; b = 59
a = -94; b = -39
a = -61; b = -20
a = 96; b = -55
a = -49; b = 77
a = -35; b = -1
a = -25; b = -2
a = 80; b = -29
a = 79; b = 26
a = -65; b = -75
a = -40; b = -27
a = 80; b = -66
a = -74; b = 16
a = 39; b = 97
a = -90; b = 32
a = 87; b = 25
a = -56; b = -22
a = -89; b = -28
a = -28; b = -98
a = -75; b = -60
a = -37; b = 74
a = 68; b = 1
a = 1; b = 13
a = 1; b = -31
a = 22; b = -59
a = 15; b = -81
a = -44; b = 88
a = 90; b = -65
a = 55; b = -23
a = 12; b = -62
a = 57; b = -90
a = 19; b = -88
a = -9; b = 3
a = -14; b = 23
a = -21; b = 42
a = -95; b = 35
a = -73; b = -60
a = -31; b = 76
a = -37; b = 90
a = -80; b = -84
a = -81; b = -19
a = 23; b = -99
a = 60; b = 34
a = 76; b = -9
a = -61; b = 23
a = -41; b = 81
a = 84; b = -88
a = 63; b = 80
a = -73; b = -77
a = 51; b = 56
a = -13; b = -26
a = 38; b = -39
a = 72; b = -23
a = 11; b = 66
a = -64; b = -10
a = 75; b = -37
a = -65; b = 68
a = -73; b = 57
a = 60; b = -56
a = 72; b = -58
a = -53; b = 3
a = 80; b = 29
a = 6; b = 55
a = -66; b = -55
a = 59; b = 62
a = 2; b = -73
a = 87; b = 0
a = 18; b = -35
a = 11; b = 46
a = -88; b = -99
a = -32; b = 10
a = -58; b = -45
a = -83; b = 46
a = -92; b = 24
a = -20; b = 62
a = 38; b = 53
a = 96; b = 8
a = 87; b = 91
a = 5; b = -96
a = 2; b = -89
a = -87; b = -57
a = 3; b = -80
a = 47; b = 41
a = 45; b = 29
a = 51; b = 36
a = -56; b = 89
a = 20; b = 31
a = 38; b = -71
a = -16; b = 79
a = 31; b = 19
a = -27; b = -75
a = -42; b = 68
a = 24; b = 79
a = 23; b = 70
a = 75; b = 40
a = -37; b = -72
a = 95; b = 61
a = 55; b = -46
a = 51; b = -51
a = -17; b = 12
a = 93; b = 85
a = -48; b = -9
a = 96; b = 2
a = 34; b = -69
a = -92; b = -72
a = 42; b = 37
a = -77; b = -27
a = -73; b = 82
a = -42; b = -8
a = 88; b = 53
a = 8; b = 59
a = -78; b = 26
a = -35; b = 84
a = -96; b = -91
a = -53; b = 45
a = -69; b = 82
a = 43; b = -19
a = 59; b = 91
a = -81; b = 58
a = -90; b = -40
a = 75; b = 0
a = 34; b = -77
a = 4; b = 62
a = 63; b = -28
a = 59; b = -88
a = -74; b = 63
a = -10; b = -13
a = -98; b = 88
a = -6; b = 5
a = 65; b = -34
a = -85; b = -60
a = -19; b = -14
a = 96; b = 69
a = 1; b = -4
a = -3; b = -58
a = 51; b = 63
a = 45; b = -95
a = 5; b = -84
a = -78; b = 52
a = -34; b = 46
a = 35; b = -34
a = 43; b = 68
a = 16; b = -87
a = 30; b = 90
a = 82; b = 16
a = -15; b = -86
a = 83; b = -44
a = 97; b = -47
a = 24; b = -4
a = -64; b = -52
a = -14; b = -51
a = 3; b = 91
a = -93; b = 71
a = -48; b = -73
a = 49; b = -17
a = 59; b = -53
a = -3; b = 7
a = 42; b = -13
a = 15; b = 10
a = 42; b = 5
a = -8; b = -78
a = -97; b = -86
a = -59; b = -47
a = -61; b = -51
a = 47; b = -48
a = 66; b = -2
a = -96; b = -85
a = -73; b = -57
a = 66; b = -81
a = 0; b = -6
a = -83; b = 23
a = -60; b = 89
a = 49; b = 8
a = -80; b = -34
a = 50; b = 82
a = -83; b = -29
a = 97; b = 47
a = 24; b = 33
a = 8; b = -41
a = 63; b = 10
a = 23; b = -38
a = -6; b = -54
a = -70; b = -99
a = -98; b = 8
a = -75; b = 94
a = 10; b = 50
a = 17; b = -27
a = -13; b = 92
a = -45; b = -63
a = -46; b = 31
a = 28; b = -72
a = 46; b = -32
a = -44; b = -77
a = -90; b = 35
a = 29; b = -67
a = -88; b = 41
a = 13; b = -90
a = 44; b = -4
a = 86; b = -64
a = 21; b = -87
a = 43; b = 82
a = 2; b = -91
a = 0; b = 73
a = 6; b = 55
a = -75; b = 61
a = 30; b = 34
a = -58; b = 7
a = 97; b = -71
a = 63; b = -90
a = 70; b = 13
a = 47; b = -79
a = -35; b = -69
a = -13; b = -51
a = -90; b = 86
a = -77; b = -37
a = 90; b = -99
a = 11; b = -12
a = 21; b = -8
a = -68; b = 56
a = -71; b = -98
a = 24; b = -58
a = -21; b = -1
a = -22; b = -11
a = -9; b = 26
a = 4; b = 84
a = 9; b = -20
a = -9; b = -47
a = 48; b = -71
a = 21; b = 20
a = -4; b = -61
a = -9; b = -80
a = -23; b = 28
a = -43; b = -72
a = -47; b = 95
a = 48; b = -30
a = -17; b = 37
a = -5; b = -92
a = -58; b = -59
a = 58; b = -38
a = 97; b = 63
a = 47; b = 16
a = 40; b = 14
a = 60; b = -34
a = -94; b = 34
a = -12; b = 58
a = -50; b = -82
a = 83; b = -52
a = 25; b = 0
a = -32; b = 2
a = 46; b = -75
a = -95; b = -86
a = -26; b = -1
a = 91; b = -52
a = -10; b = -44
a = -83; b = -84
a = 25; b = -87
a = 0; b = 30
a = 46; b = 19
a = -93; b = 81
a = -19; b = 0
a = 50; b = -49
a = -10; b = -32
a = 83; b = -20
a = -69; b = -30
a = -48; b = -67
a = 68; b = -48
a = 44; b = -43
a = 48; b = -50
a = -19; b = 57
a = -81; b = -23
a = -84; b = -33
a = -9; b = -34
a = -12; b = 21
a = 17; b = -12
a = -81; b = -15
a = 37; b = -7
a = -30; b = 87
a = -56; b = 87
a = 77; b = 0
a = 56; b = 46
a = 45; b = -13
a = -3; b = -17
a = 20; b = 79
a = -13; b = 47
a = 70; b = 88
a = 2; b = 15
a = 43; b = -80
a = 52; b = -63
a = -97; b = -68
a = -45; b = 21
a = -78; b = 1
a = -46; b = -13
a = 42; b = -57
a = -82; b = -99
a = -17; b = -85
a = 4; b = -40
a = 95; b = -74
a = -70; b = -2
a = -32; b = -12
a = -2; b = 43
a = 23; b = 57
a = -1; b = 79
a = -82; b = -80
a = 46; b = -90
a = -69; b = 78
a = -53; b = -79
a = 42; b = 53
a = 27; b = -34
a = -7; b = -61
a = 61; b = -83
a = -75; b = -53
a = 20; b = -41
a = 90; b = 20
a = 53; b = 74
a = 44; b = 79
a = -65; b = -88
a = 77; b = -61
a = 62; b = -15
a = -4; b = -59
a = 76; b = 62
a = 48; b = -89
a = 26; b = -56
a = 16; b = -23
a = 49; b = -66
a = -64; b = 10
a = -53; b = 58
a = 15; b = -38
a = 70; b = -27
a = 42; b = 61
a = -59; b = 13
a = 46; b = 13
a = -28; b = -30
a = -63; b = 24
a = 17; b = -17
a = 53; b = 45
a = 78; b = 26
a = 35; b = -68
a = -36; b = -76
a = -21; b = -29
a = 50; b = 2
[...]
a = 83; b = -6
a = -49; b = -59
a = 34; b = -57
a = 53; b = 67
a = -32; b = -97
a = 69; b = -55
a = -97; b = 23
a = 63; b = -45
a = -17; b = 5
a = 80; b = -98
a = -74; b = 64
a = 17; b = 23
a = -38; b = 89
a = 80; b = -45
a = -4; b = 68
a = -36; b = -36
a = 3; b = 4
a = 62; b = 23
a = -83; b = -29
a = 21; b = -23
a = -19; b = -99
a = 64; b = -11
a = -63; b = -10
a = -27; b = -75
a = 79; b = 66
a = 6; b = 68
a = -41; b = 43
a = 70; b = 68
a = -59; b = 93
a = 14; b = 90
a = -6; b = 89
a = -74; b = -1
a = -65; b = -27
a = 6; b = 16
a = 44; b = 31
a = 18; b = -63
a = -68; b = -59
a = 85; b = 5
a = 52; b = -1
a = -33; b = 7
a = 14; b = 65
a = -35; b = 71
a = -40; b = 44
a = 9; b = -51
a = 50; b = 90
a = 77; b = -18
a = 30; b = 27
a = 5; b = -19
a = 7; b = -42
a = -78; b = -97
a = -15; b = 82
a = 7; b = 89
a = -62; b = 14
a = -9; b = -44
a = 20; b = -33
a = 89; b = 5
a = -78; b = 73
a = 49; b = 86
a = 6; b = -47
a = 42; b = 20
a = 13; b = 45
a = -44; b = 65
a = 6; b = -55
a = -42; b = -52
a = -43; b = 25
a = -48; b = 25
a = 14; b = 92
a = 5; b = 23
a = 40; b = -45
a = 38; b = 81
a = 15; b = 59
a = 52; b = 31
a = -65; b = -64
a = 30; b = 30
a = -58; b = 67
a = -28; b = -23
a = 77; b = -76
a = 30; b = 49
a = 50; b = -12
a = -91; b = -30
a = -85; b = -48
a = 12; b = -57
a = -88; b = 46
a = -37; b = 22
a = 37; b = 84
a = 53; b = -68
a = -34; b = -39
a = 50; b = 88
a = 39; b = 77
a = -78; b = -63
a = -53; b = 73
a = -41; b = -8
a = -37; b = -93
a = -8; b = 3
a = -96; b = -14
a = 44; b = -12
a = -15; b = -12
a = 64; b = 80
a = -45; b = -15
a = 54; b = 32
a = 77; b = -38
a = -30; b = 1
a = -33; b = 96
a = 79; b = 9
a = -57; b = 45
a = -31; b = -39
a = -54; b = -37
a = -27; b = -41
a = 56; b = 97
a = 97; b = -99
a = -51; b = 92
a = -37; b = -81
a = 22; b = 7
a = -47; b = 68
a = 21; b = 46
a = -46; b = -42
a = 47; b = 14
a = 61; b = 39
a = 22; b = 59
a = 80; b = 12
a = -89; b = -85
a = -85; b = 10
a = -11; b = -71
a = -56; b = -57
a = 25; b = -64
a = -96; b = 96
a = -17; b = -93
a = 66; b = 33
a = 91; b = 93
a = -74; b = -75
a = -57; b = -22
a = 9; b = 59
a = 91; b = -48
a = -35; b = -10
a = -61; b = -94
a = 7; b = 62
a = -13; b = -3
a = 39; b = 57
a = -76; b = 61
a = 39; b = -44
a = 33; b = 27
a = -41; b = 70
a = 20; b = 0
a = 90; b = -13
a = 82; b = -2
a = 57; b = -44
a = -46; b = -92
a = -30; b = 36
a = 93; b = -83
a = -45; b = 68
a = -60; b = 97
a = -69; b = 30
a = -16; b = 29
a = 57; b = 25
a = 52; b = 23
a = 88; b = 0
a = 72; b = -62
a = 7; b = 81
a = 71; b = 95
a = 53; b = -30
a = 51; b = -96
a = -22; b = 0
a = 85; b = 93
a = 7; b = -28
a = -92; b = -62
a = 6; b = -88
a = -61; b = -34
a = 89; b = 58
a = 14; b = -24
a = -91; b = 61
a = 51; b = -4
a = -80; b = 61
a = 12; b = 43
a = 16; b = -34
a = 80; b = -99
a = 53; b = 80
a = -64; b = -10
a = 91; b = 14
a = -56; b = -81
a = 47; b = -74
a = -61; b = 70
a = -9; b = 22
a = 82; b = -13
a = 65; b = 64
a = 33; b = 57
a = 23; b = -64
a = 66; b = -76
a = 97; b = -31
a = 35; b = -94
a = 36; b = 82
a = -8; b = -32
a = 20; b = 83
a = -71; b = -34
a = -76; b = -45
a = 17; b = 57
a = -98; b = 72
a = 67; b = -52
a = -17; b = -56
a = 54; b = 83
a = -25; b = -54
a = 57; b = -22
a = 4; b = -2
a = 0; b = 94
a = -58; b = 13
a = 30; b = 41
a = -84; b = -48
a = -79; b = -65
a = -5; b = 11
a = 90; b = 59
a = -43; b = 81
a = -65; b = 69
a = -27; b = 15
a = -95; b = -52
a = -4; b = 68
a = -29; b = -90
a = -73; b = 96
a = 14; b = -94
a = 57; b = 38
a = 39; b = 66
a = 35; b = 45
a = 28; b = -42
a = 41; b = -5
a = 0; b = -71
a = 88; b = 91
a = 71; b = -27
a = -25; b = -27
a = -33; b = 68
a = 11; b = -88
a = 94; b = -99
a = -13; b = -66
a = -20; b = 40
a = -96; b = 68
a = -5; b = -53
a = -3; b = 31
a = -52; b = -80
a = -58; b = -67
a = -73; b = 13
a = -34; b = 87
a = -42; b = 69
a = -80; b = 43
a = 55; b = -59
a = -78; b = -90
a = -9; b = 60
a = -94; b = -4
a = 63; b = 75
a = 72; b = -90
a = 53; b = 18
a = 36; b = -56
a = -84; b = -87
a = 16; b = -69
a = 14; b = 13
a = 92; b = 96
a = 59; b = 15
a = -11; b = -42
a = -42; b = 32
a = 26; b = -9
a = -81; b = -57
a = 0; b = -11
a = 61; b = -28
a = -69; b = -44
a = 48; b = -93
a = -96; b = -47
a = 28; b = 37
a = -66; b = 91
a = 0; b = 17
a = 5; b = -69
a = -35; b = -57
a = -58; b = 93
a = 94; b = 14
a = 69; b = -46
a = 30; b = -86
a = -31; b = -80
a = 66; b = 53
a = 8; b = 76
a = 80; b = -27
a = -15; b = 65
a = 42; b = 47
a = 1; b = -24
a = -7; b = 94
a = -24; b = 67
a = -24; b = -2
a = -50; b = -61
a = -80; b = 90
a = 54; b = -78
a = 35; b = 58
a = 89; b = 8
a = -16; b = -16
a = -79; b = 38
a = 92; b = 51
a = 63; b = 50
a = 29; b = 0
a = -54; b = 0
a = 58; b = -21
a = -44; b = 84
a = 36; b = -21
a = -33; b = -26
a = -72; b = 20
a = -2; b = 72
a = 48; b = 62
a = -93; b = -45
a = -30; b = 21
a = 63; b = 32
a = -30; b = -12
a = -30; b = 22
a = -63; b = 65
a = -68; b = 1
a = 63; b = 37
a = -30; b = 6
a = 66; b = -52
a = -73; b = 7
a = 51; b = 59
a = -99; b = 57
a = 14; b = -52
a = 42; b = 10
a = -28; b = -98
a = -41; b = -90
a = 68; b = -45
a = -82; b = 38
a = 71; b = -64
a = -45; b = -5
a = -73; b = 69
a = 55; b = -40
a = -62; b = 77
a = 88; b = -1
a = 83; b = 76
a = -46; b = -40
a = -22; b = -96
a = 17; b = 40
a = -35; b = -11
a = -44; b = 11
a = -52; b = 16
a = 75; b = -9
a = -92; b = -7
a = 96; b = 62
a = -27; b = 87
a = -73; b = 1
a = -63; b = -63
a = 75; b = -72
a = 60; b = 3
a = -33; b = -58
a = 70; b = 83
a = -4; b = -36
a = -93; b = 16
a = 15; b = -25
a = 30; b = 88
a = 33; b = 19
a = -41; b = 96
a = 76; b = -68
a = -73; b = 95
a = -66; b = -25
a = -74; b = 34
a = 54; b = -74
a = 82; b = 7
a = 65; b = -49
a = -37; b = -37
a = -36; b = 79
a = 37; b = -72
a = -94; b = -76
a = -46; b = -43
a = 33; b = 65
a = -50; b = -80
a = -68; b = 80
a = -12; b = 56
a = -48; b = 25
a = 26; b = -7
a = -91; b = 77
a = -65; b = 44
a = 72; b = -69
a = 72; b = 16
a = 49; b = -81
a = 54; b = 38
a = 85; b = 70
a = -75; b = 40
a = 51; b = 90
a = 75; b = 53
a = -33; b = 28
a = -55; b = -48
a = -30; b = 12
a = 70; b = 82
a = -60; b = 38
a = 53; b = 36
a = 55; b = 88
a = -89; b = 28
a = -54; b = 45
a = -98; b = 51
a = -21; b = 30
a = 82; b = 53
a = 34; b = -80
a = -9; b = -88
a = 45; b = -14
a = -74; b = -54
a = -71; b = -96
a = 33; b = -85
a = 37; b = 60
a = 45; b = -9
a = -55; b = -43
a = 22; b = -19
a = 52; b = 43
a = -26; b = -88
a = 9; b = 84
a = -82; b = -81
a = -92; b = 66
a = -35; b = -75
a = -7; b = 56
a = 27; b = 51
a = 86; b = 16
a = -49; b = -98
a = -27; b = -19
a = -2; b = -42
a = 30; b = -26
a = -55; b = -57
a = 64; b = -52
a = -88; b = 58
a = -15; b = -70
a = 35; b = 24
a = -43; b = -56
a = -5; b = -79
a = 61; b = 3
a = -82; b = -69
a = -94; b = -45
a = -33; b = -26
a = -43; b = 90
a = 8; b = 95
a = 86; b = 47
a = 24; b = -44
a = -38; b = -85
a = 56; b = 85
a = -25; b = -80
a = -93; b = -49
a = -79; b = -87
a = -94; b = 62
a = 89; b = -63
a = 64; b = -31
a = -94; b = 46
a = 37; b = 35
a = 33; b = 64
a = 20; b = 32
a = -28; b = -31
a = 33; b = 84
a = -52; b = 7
a = 11; b = -64
a = -34; b = 19
a = 71; b = -96
a = -85; b = 19
a = 74; b = 87
a = -2; b = -85
a = 78; b = 1
a = -40; b = 24
a = -47; b = 87
a = 11; b = 91
a = 92; b = -42
a = 64; b = -5
a = 32; b = -34
a = 97; b = -84
a = 63; b = 12
a = -98; b = 25
a = -23; b = -96
a = -27; b = -95
a = 11; b = 47
a = 86; b = 22
a = 70; b = -78
a = -85; b = 76
a = -28; b = 58
a = -35; b = -50
a = -47; b = -89
a = 78; b = -30
a = 2; b = -51
a = 54; b = -35
a = 2; b = -43
a = -8; b = -48
a = 84; b = 3
a = 84; b = -17
a = 86; b = -8
a = 1; b = -21
a = -65; b = 92
a = -45; b = -41
a = 52; b = 94
a = -41; b = 73
a = -73; b = 67
a = -76; b = -21
a = -57; b = -34
a = -50; b = 21
a = 54; b = -38
a = -43; b = -67
a = -14; b = 83
a = -21; b = 24
a = -49; b = 74
a = -86; b = -99
a = -45; b = 75
a = 13; b = -22
a = 74; b = -82
a = 19; b = -89
a = 34; b = 31
a = 83; b = 95
a = -94; b = -37
a = -19; b = -5
a = -69; b = 63
a = 26; b = -59
a = 6; b = -40
a = 47; b = 55
a = -89; b = 19
a = 73; b = 20
a = -44; b = -33
a = -85; b = -46
a = -65; b = 9
a = 16; b = 22
a = 84; b = -14
a = -80; b = 29
a = -42; b = -63
a = -19; b = 21
a = -41; b = -92
a = -2; b = 17
a = 87; b = 33
a = -22; b = -63
a = 83; b = 15
a = -32; b = -76
a = 87; b = 58
a = 42; b = 6
a = -74; b = -31
a = -31; b = -95
a = 82; b = 32
a = 2; b = 11
a = -69; b = -15
a = 20; b = 57
a = -57; b = 29
a = 55; b = 94
a = 11; b = 91
a = -19; b = 29
a = -61; b = 20
a = -66; b = 36
a = 13; b = 75
a = -20; b = 46
a = -74; b = 3
a = 35; b = 61
a = -15; b = -34
a = -29; b = -84
a = 65; b = -73
a = 96; b = 19
a = 34; b = 47
a = -19; b = 76
a = 53; b = 23
a = 1; b = -67
a = 39; b = -12
a = 17; b = -49
a = -89; b = 34
a = -72; b = -64
a = 47; b = -86
a = 88; b = 11
a = -64; b = -32
a = 52; b = 24
a = 3; b = -17
a = -31; b = -40
a = 30; b = 36
a = -71; b = -59
a = 84; b = -66
a = -68; b = 9
a = 96; b = 0
a = 56; b = 30
a = 4; b = 87
a = 47; b = -41
a = 23; b = 48
a = -66; b = -44
a = -89; b = -63
a = -34; b = 3
a = -60; b = -70
a = 55; b = 67
a = 65; b = 21
a = 81; b = 69
a = 7; b = -40
a = -88; b = 29
a = 41; b = 95
a = -92; b = -4
a = -23; b = 73
a = -70; b = 59
a = 31; b = 39
a = -46; b = 47
a = 24; b = -42
a = -45; b = -70
a = -74; b = 72
a = 27; b = -63
a = 29; b = 90
a = 69; b = 41
a = 57; b = 97
a = 29; b = 80
a = 94; b = 96
a = -77; b = 93
a = -30; b = -75
a = 75; b = 17
a = 64; b = 34
a = 87; b = 3
a = 23; b = 15
a = 4; b = -56
a = -49; b = 57
a = 48; b = -48
a = -85; b = -34
a = 29; b = -18
a = -94; b = 11
a = 65; b = 76
a = 69; b = 37
a = 15; b = 84
a = -65; b = 44
a = 85; b = -95
a = 75; b = 71
a = -14; b = 3
a = -75; b = -96
a = 18; b = 85
a = -94; b = -6
a = 17; b = 66
a = -66; b = 32
a = 39; b = 64
a = 61; b = -61
a = 95; b = 43
a = -23; b = -69
a = -18; b = 63
a = 75; b = 4
a = 40; b = 73
a = 45; b = 77
a = 74; b = 20
a = -4; b = 25
a = 69; b = -33
a = -72; b = -66
a = 81; b = -39
a = 57; b = -13
a = -70; b = 18
a = 0; b = 93
a = 55; b = -17
a = 62; b = -64
a = 41; b = -71
a = 64; b = -31
a = -14; b = 5
a = -54; b = 87
a = 40; b = 85
a = 39; b = -39
a = -90; b = -70
a = 29; b = -25
a = -68; b = -47
a = 90; b = -59
a = -72; b = -18
a = -46; b = 52
a = -38; b = -99
a = 86; b = 96
a = 91; b = -52
a = -65; b = -46
a = 9; b = -73
a = 48; b = -81
a = -11; b = -92
a = 14; b = -92
a = -80; b = 49
a = -47; b = -70
a = 65; b = 48
a = 63; b = -55
a = 57; b = 65
a = -76; b = 44
a = 33; b = -39
a = 14; b = -85
a = 46; b = 38
a = -27; b = -98
a = -14; b = -58
a = 30; b = -89
a = 76; b = 20
a = -13; b = 95
a = 15; b = -68
a = 87; b = 72
a = 10; b = -19
a = -55; b = 93
a = 36; b = 39
a = -13; b = 14
a = 50; b = -96
a = -45; b = -11
a = -54; b = 68
a = 53; b = 8
a = 60; b = 31
a = -44; b = 73
a = 18; b = -72
a = 14; b = 35
a = -5; b = 10
a = 7; b = 48
a = -7; b = 97
a = -70; b = -69
a = 23; b = -60
a = -73; b = 52
a = 14; b = -73
a = -77; b = -10
a = 0; b = 57
a = 23; b = 45
a = 64; b = -90
a = 0; b = -99
a = 87; b = -13
a = -11; b = 40
a = -94; b = 19
a = -37; b = -62
a = 60; b = -56
a = 67; b = -65
a = -80; b = 33
a = 90; b = -95
a = 10; b = -79
a = -96; b = 91
a = 71; b = -88
a = -1; b = 8
a = 76; b = 49
a = -72; b = 53
a = 18; b = 25
a = -47; b = 67
a = 45; b = -38
a = 39; b = 89
a = 20; b = -85
a = -27; b = 36
a = 90; b = 23
a = 51; b = -5
a = 6; b = -50
a = -93; b = 62
a = 41; b = 78
a = 81; b = -55
a = -26; b = -5
a = -99; b = 9
a = 31; b = 26
a = -94; b = 71
a = 75; b = -31
a = 42; b = 44
a = -97; b = 30
a = -85; b = -77
a = -14; b = 70
a = -58; b = 47
a = 78; b = 37
a = -99; b = -97
a = 90; b = 2
a = 37; b = 47
a = -64; b = 63
a = -80; b = -56
a = 63; b = -81
a = 96; b = 81
a = 6; b = -27
a = 87; b = 94
a = -68; b = -37
a = 18; b = 81
a = 84; b = 35
a = 15; b = 2
a = -1; b = 51
a = 3; b = 12
a = -34; b = 43
a = 10; b = -28
a = 60; b = 55
a = -97; b = -28
a = -6; b = 53
a = -20; b = 0
a = 22; b = 27
a = 4; b = -98
a = -55; b = -98
a = -1; b = -57
a = -31; b = 47
a = 1; b = 68
a = -4; b = 45
a = 17; b = -85
a = -39; b = 81
a = 38; b = -61
a = 67; b = 23
a = 92; b = 88
a = 25; b = 15
a = -25; b = -83
a = -43; b = -77
a = -22; b = 45
a = 96; b = -25
a = -46; b = 90
a = 60; b = -21
a = -13; b = -22
a = 34; b = -43
a = -54; b = -24
a = 31; b = -99
a = -61; b = -70
a = -34; b = -13
a = -52; b = -51
a = 66; b = 61
a = -5; b = -40
a = -32; b = -19
a = 13; b = 9
a = -34; b = -70
a = -26; b = 56
a = -42; b = -72
a = -56; b = 37
a = -80; b = -23
a = -59; b = 51
a = 29; b = 39
a = -34; b = -50
a = 9; b = -20
a = 89; b = 67
a = -61; b = 12
a = 89; b = -82
a = 66; b = -4
a = 65; b = 26
a = -11; b = -45
a = -44; b = 96
a = -3; b = 61
a = -99; b = -68
a = -3; b = -42
a = 54; b = -64
a = 97; b = 16
a = -65; b = 5
a = 73; b = -90
a = -90; b = 60
a = 75; b = -50
a = -9; b = -81
a = -42; b = -33
a = -33; b = -50
a = 59; b = -75
a = -13; b = 97
a = -6; b = -41
a = -15; b = -3
a = -25; b = 82
a = 22; b = -1
a = -82; b = -66
a = -61; b = 33
a = 81; b = -73
a = -60; b = -7
a = -15; b = 95
a = 56; b = 21
a = 47; b = -64
a = -75; b = -22
a = 18; b = -48
a = -64; b = 57
a = 79; b = 37
a = -86; b = -73
a = 95; b = 20
a = -29; b = 83
a = -70; b = 90
a = -72; b = 81
a = 91; b = -21
a = -93; b = -87
a = 29; b = 27
a = 82; b = 86
a = 78; b = 27
a = 94; b = 22
a = 4; b = -40
a = 64; b = 60
a = -2; b = 97
a = -90; b = 7
a = -36; b = 24
a = -17; b = 20
a = 52; b = -52
a = 83; b = 41
a = -46; b = -62
a = 29; b = 54
a = 43; b = -25
a = -85; b = 47
a = -10; b = -92
a = -63; b = 33
a = 52; b = -82
a = 72; b = -76
a = -71; b = 63
a = -55; b = -1
a = 19; b = 37
a = 74; b = 35
a = 29; b = -48
a = 88; b = -2
a = 2; b = -64
a = -42; b = 51
a = 90; b = 62
a = 95; b = -16
a = 23; b = -98
a = 68; b = -79
a = -25; b = 2
a = -31; b = -84
a = -26; b = 57
a = 72; b = -93
a = 59; b = -81
a = 9; b = 14
a = 75; b = 12
a = -51; b = -49
a = -50; b = -9
a = 47; b = 3
a = 40; b = 60
a = -4; b = -82
a = 62; b = 51
a = -73; b = 80
a = 63; b = 7
a = 37; b = -22
a = 26; b = 74
a = -81; b = 95
a = -90; b = -45
a = 28; b = -47
a = -53; b = 77
a = 23; b = 40
a = 21; b = -46
a = 16; b = -24
a = -68; b = -71
a = 73; b = 60
a = -7; b = -48
a = 20; b = -98
a = 12; b = 92
a = 50; b = -54
a = -73; b = 76
a = -7; b = -14
a = 16; b = 11
a = 13; b = -44
a = 32; b = 97
a = 63; b = 68
a = -62; b = 74
a = -45; b = -8
a = -5; b = 89
a = 41; b = -23
a = 75; b = -15
a = -22; b = -98
a = 66; b = 82
a = -11; b = -72
a = -64; b = -96
a = 41; b = 91
a = 78; b = 16
a = 65; b = -32
a = -58; b = -80
a = -15; b = -48
a = 91; b = -34
a = 82; b = 75
a = 43; b = 87
a = -32; b = -17
a = 80; b = -99
a = 57; b = 95
a = 30; b = 20
a = 93; b = -19
a = -11; b = 42
a = 54; b = -28
a = 3; b = 4
a = 56; b = 91
a = 52; b = 66
a = -97; b = 6
a = 80; b = -96
a = 45; b = 58
a = 70; b = 8
a = -1; b = -66
a = -43; b = -48
a = 80; b = 5
a = -32; b = -15
a = -82; b = 47
a = -83; b = -47
a = 74; b = 26
a = -87; b = 10
a = -12; b = -73
a = 14; b = -8
a = 66; b = 10
a = -25; b = 69
a = -14; b = 29
a = -34; b = -91
a = 13; b = -21
a = -74; b = 21
a = -69; b = 83
a = -76; b = -5
a = 42; b = -4
a = 14; b = 78
a = 86; b = 5
a = 12; b = 86
a = -31; b = 54
a = 61; b = -53
a = 77; b = 62
a = 20; b = -47
a = 2; b = 77
a = 12; b = -87
a = -26; b = -2
a = 14; b = -9
a = 37; b = 23
a = -12; b = -80
a = -37; b = -68
a = 59; b = 16
a = 17; b = -93
a = 73; b = 51
a = 54; b = 15
a = -76; b = 34
a = -51; b = -53
a = 54; b = -37
a = 75; b = -69
a = 21; b = 17
a = -22; b = 92
a = 22; b = -62
a = 67; b = -87
a = -80; b = 16
a = 67; b = -48
a = 24; b = -87
a = -22; b = 30
a = -81; b = -85
a = 33; b = 33
a = -96; b = -1
a = -2; b = 58
a = 77; b = -55
a = -9; b = 0
a = -23; b = -15
a = -71; b = 97
a = -94; b = 56
a = 52; b = -61
a = 47; b = -17
a = 66; b = -73
a = 43; b = 8
a = 60; b = 45
a = 0; b = -64
a = 7; b = -28
a = -90; b = 92
a = 81; b = -59
a = -29; b = 78
a = -90; b = -67
a = -36; b = 73
a = -44; b = -4
a = -80; b = -40
a = 92; b = 17
a = 87; b = -61
a = 19; b = 18
a = -56; b = -43
a = 2; b = 92
a = 10; b = 30
a = 86; b = 91
a = -25; b = 21
a = 81; b = -61
a = 23; b = 20
a = -83; b = -53
a = 14; b = 95
a = -12; b = 38
a = 6; b = 55
a = 89; b = 78
a = 86; b = -95
a = 19; b = 14
a = 82; b = -56
a = -15; b = -19
a = -17; b = 59
a = -10; b = -95
a = -8; b = -26
a = 38; b = 78
a = 67; b = -68
a = -2; b = 90
a = 64; b = 14
a = -19; b = 4
a = -68; b = 74
a = -17; b = 26
a = -80; b = -9
a = 14; b = -23
a = -75; b = 87
a = 91; b = -84
a = 88; b = -63
a = -85; b = 53
a = 24; b = 38
a = -35; b = 49
a = -47; b = 39
a = -46; b = -49
a = -27; b = 30
a = 88; b = 20
a = 40; b = -19
a = 67; b = -94
a = -75; b = 69
a = -67; b = 38
a = 53; b = -36
a = 75; b = 3
a = -87; b = 66
a = 18; b = 46
a = -31; b = 96
a = 35; b = -74
a = 18; b = 16
a = -82; b = 86
a = -27; b = -94
a = 31; b = -62
a = 18; b = 73
a = -23; b = -95
a = -60; b = 64
a = 67; b = 25
a = -68; b = 15
a = -47; b = 17
a = 51; b = -54
a = -72; b = -36
a = 74; b = -91
a = 0; b = 66
a = 86; b = -35
a = -19; b = -23
a = 57; b = -90
a = -11; b = 62
a = -73; b = 43
a = -34; b = 74
a = -95; b = -44
a = 74; b = -23
a = 0; b = -97
a = 44; b = -34
a = 11; b = 63
a = 66; b = 60
a = -74; b = -75
a = -23; b = -93
a = -36; b = -12
a = 83; b = -44
a = -53; b = -27
a = 25; b = -50
a = 95; b = -52
a = 32; b = 44
a = 28; b = 46
a = -17; b = -95
a = 44; b = -3
a = -70; b = 6
a = -68; b = 79
a = 2; b = -68
a = -42; b = 87
a = -36; b = -3
a = -59; b = -16
a = -63; b = 7
a = 21; b = 57
a = -20; b = -43
a = 97; b = -95
a = 80; b = 94
a = 20; b = 30
a = -17; b = 77
a = -52; b = 18
a = -30; b = -38
a = -98; b = 60
a = 34; b = -76
a = -64; b = -49
a = -64; b = 90
a = -83; b = 39
a = -48; b = 77
a = -43; b = 97
a = 79; b = -56
a = 41; b = -75
a = -88; b = -71
a = -85; b = -18
a = 36; b = 27
a = -92; b = 92
a = 70; b = -39
a = -48; b = -76
a = -72; b = 21
a = -20; b = -73
a = 4; b = 56
a = -15; b = 62
a = 47; b = -47
a = -61; b = 32
a = -97; b = -38
a = 85; b = 16
a = -16; b = 50
a = 94; b = -23
a = 0; b = -90
a = -98; b = -10
a = 10; b = 97
a = -80; b = -82
a = -87; b = -64
a = -96; b = -47
a = -29; b = -9
a = 27; b = 68
a = 77; b = -68
a = 29; b = -58
a = -58; b = 83
a = -72; b = 18
a = 71; b = -98
a = 21; b = 55
a = 12; b = 85
a = 29; b = 66
a = -59; b = -20
a = 28; b = 41
a = -80; b = 49
a = -25; b = -94
a = -66; b = 57
a = -16; b = -81
a = -86; b = -64
a = -22; b = 39
a = -5; b = 71
a = -61; b = 82
a = 53; b = 23
a = 23; b = 96
a = -6; b = 80
a = 22; b = 81
a = 79; b = 26
a = 30; b = -98
a = 85; b = -13
a = 25; b = -1
a = 4; b = -5
a = -37; b = -42
a = 70; b = 63
a = -31; b = 32
a = 72; b = 54
a = -20; b = 31
a = 36; b = -18
a = -3; b = -53
a = -80; b = -41
a = 36; b = 52
a = 25; b = 47
a = 97; b = -92
a = 62; b = -9
a = -97; b = 15
a = -62; b = -63
a = -10; b = 65
a = 82; b = 75
a = -90; b = -18
a = 12; b = -33
a = 6; b = -43
a = 24; b = -55
a = -67; b = -17
a = 0; b = 82
a = -87; b = -52
a = -33; b = 24
a = -4; b = -69
a = 62; b = -67
a = 89; b = 85
a = -31; b = -73
a = 28; b = -50
a = 86; b = -84
a = 20; b = 79
a = -14; b = 82
a = 58; b = 5
a = 3; b = 17
a = -37; b = 50
a = -11; b = 13
a = 24; b = 44
a = -85; b = 61
a = -31; b = 23
a = 8; b = 87
a = 0; b = 70
a = 12; b = -31
a = -42; b = 67
a = -88; b = 61
a = 47; b = -84
a = 29; b = 52
a = -3; b = 54
a = 94; b = 92
a = -75; b = 83
a = 0; b = -46
a = 55; b = 82
a = -99; b = 66
a = 7; b = -22
a = 16; b = 95
a = -18; b = 43
a = -57; b = 8
a = -42; b = -99
a = 31; b = 76
a = -68; b = 2
a = -45; b = -95
a = -65; b = 53
a = -28; b = -76
a = 91; b = -34
a = -81; b = -70
a = -9; b = 9
a = 6; b = -56
a = 78; b = 51
a = -58; b = -69
a = -6; b = -7
a = -27; b = -71
a = -77; b = 9
a = 29; b = -60
a = 59; b = 74
a = 92; b = -40
a = 40; b = -81
a = -15; b = 77
a = 12; b = -71
a = 96; b = 94
a = 18; b = -67
a = 67; b = -83
a = 14; b = -58
a = -63; b = -13
a = -12; b = -77
a = -1; b = 62
a = 58; b = -2
a = 37; b = 47
a = -37; b = -15
a = 92; b = 44
a = -3; b = 70
a = 77; b = 97
a = -98; b = -68
a = 75; b = -23
a = -7; b = -28
a = 29; b = 29
a = -55; b = -87
a = 39; b = 55
a = -16; b = -93
a = 22; b = 75
a = 14; b = 55
a = 88; b = -64
a = 59; b = -41
a = -89; b = -43
]]></system-out>
  <system-err><![CDATA[]]></system-err>
</testsuite>
